16/12/2013 14:20:07 | 
16/12/2013 14:20:07 | 
Message : La référence d'objet n'est pas définie à une instance d'un objet.
16/12/2013 14:20:07 | 
LastTrace : openElement.WebElement.StylesManager.CssItems.Converter.TConvCssBoxShadow.ConvertFrom(ITypeDescriptorContext context, CultureInfo culture, Object value)
16/12/2013 14:20:07 | 
Params : 
16/12/2013 14:20:07 | 
MethodeName : System.Object ConvertFrom(System.ComponentModel.ITypeDescriptorContext, System.Globalization.CultureInfo, System.Object)
16/12/2013 14:20:07 | 
Stamp : 16/12/2013 14:20:07
16/12/2013 14:20:07 | 
OSFullName : Microsoft Windows 7 Édition Intégrale 
16/12/2013 14:20:07 | 
AvailablePhysicalMemory : 1,42 Go 
16/12/2013 14:20:07 | 
TotalPhysicalMemory : 3 Go 
16/12/2013 14:20:07 | 
AvailableVirtualMemory : 1,46 Go 
16/12/2013 14:20:07 | 
TotalVirtualMemory : 2 Go 
16/12/2013 14:20:07 | 
WorkingSet : 207,06 Mo 
16/12/2013 14:20:07 | 
PagedMemorySize : 187,96 Mo 
16/12/2013 14:20:07 | 
TotalMemory : 22,03 Mo 
16/12/2013 14:20:07 | 

16/12/2013 14:20:07 | 
ExTrace : 
16/12/2013 14:20:07 | 
à openElement.WebElement.StylesManager.CssItems.Converter.TConvCssBoxShadow.ConvertFrom(ITypeDescriptorContext context, CultureInfo culture, Object value) dans C:\Users\VirtualUserDev\Documents\Visual Studio 2008\Projects\App\OpenElement\openElement\WebElement\StylesManager\CssItem\Converter\TConvCssBoxShadow.vb:ligne 102
16/12/2013 14:20:07 | 
à openElement.WebElement.StylesManager.CssItems.CssTextShadow.SetCss(String value) dans C:\Users\VirtualUserDev\Documents\Visual Studio 2008\Projects\App\OpenElement\openElement\WebElement\StylesManager\CssItem\CssTextShadow.vb:ligne 129
16/12/2013 14:20:07 | 
à openElement.WebElement.StylesManager.Styles.FromCss(String css) dans C:\Users\VirtualUserDev\Documents\Visual Studio 2008\Projects\App\OpenElement\openElement\WebElement\StylesManager\Styles.vb:ligne 1257
16/12/2013 14:20:07 | 
à openElement.WebElement.StylesManager.Styles..ctor(StylesZone stylesZone, EnuStyleState state, String css) dans C:\Users\VirtualUserDev\Documents\Visual Studio 2008\Projects\App\OpenElement\openElement\WebElement\StylesManager\Styles.vb:ligne 88
16/12/2013 14:20:07 | 
à openElement.WebElement.StylesManager.StylesZone.OnDeserialized(StreamingContext context) dans C:\Users\VirtualUserDev\Documents\Visual Studio 2008\Projects\App\OpenElement\openElement\WebElement\StylesManager\StylesZone.vb:ligne 826
16/12/2013 14:20:07 | 

16/12/2013 14:20:07 | 
OETrace : 
16/12/2013 14:20:07 | 
à openElement.WebElement.StylesManager.StylesZone.OnDeserialized(StreamingContext context) dans C:\Users\VirtualUserDev\Documents\Visual Studio 2008\Projects\App\OpenElement\openElement\WebElement\StylesManager\StylesZone.vb:ligne 835
16/12/2013 14:20:07 | 
à openElement.Serialization.DeserializeFromByteArray(Byte[] byteArray, Boolean compress, SerializationBinder binder) dans C:\Users\VirtualUserDev\Documents\Visual Studio 2008\Projects\App\OpenElement\openElement\Class\Common\Serialization.vb:ligne 229
16/12/2013 14:20:07 | 
à openElement.Serialization.InternalDeserializeFile(String filePath, EnuFileType typeFile) dans C:\Users\VirtualUserDev\Documents\Visual Studio 2008\Projects\App\OpenElement\openElement\Class\Common\Serialization.vb:ligne 147
16/12/2013 14:20:07 | 
à openElement.Serialization.DeserializeFile(String filePath, EnuFileType typeFile) dans C:\Users\VirtualUserDev\Documents\Visual Studio 2008\Projects\App\OpenElement\openElement\Class\Common\Serialization.vb:ligne 90
16/12/2013 14:20:07 | 
à openElement.WebElement.PageConn.DeserializePage(String fullDataPagePath) dans C:\Users\VirtualUserDev\Documents\Visual Studio 2008\Projects\App\OpenElement\openElement\WebElement\Page\PageConn.vb:ligne 149
16/12/2013 14:20:07 | 
à openElement.WebElement.PageConn.OpenDataPage(String dataPagePath, Rights rights, Boolean withRessourceImport, String templatePath) dans C:\Users\VirtualUserDev\Documents\Visual Studio 2008\Projects\App\OpenElement\openElement\WebElement\Page\PageConn.vb:ligne 101
16/12/2013 14:20:07 | 
à openElement.WebSite.WorkingSystem.Working_System.PageOpen(String dataPagePath, Rights rights) dans C:\Users\VirtualUserDev\Documents\Visual Studio 2008\Projects\App\OpenElement\openElement\Class\WebSite\WorkingSystem\WorkingSystem.vb:ligne 165
16/12/2013 14:20:07 | 
à openElement.WebSite.UIAction.PageEdit.Open(ActionArg`4 actionArg) dans C:\Users\VirtualUserDev\Documents\Visual Studio 2008\Projects\App\OpenElement\openElement\Class\WebSite\UIAction\PageEdit.vb:ligne 316
16/12/2013 14:20:07 | 
à openElement.WebSite.UIAction.PageEdit._Lambda$__9(ActionArg a0) dans C:\Users\VirtualUserDev\Documents\Visual Studio 2008\Projects\App\OpenElement\openElement\Class\WebSite\UIAction\PageEdit.vb:ligne 303
16/12/2013 14:20:07 | 
à openElement.Wait.RunFunction[TResult](FuncWait`1 action, ActionArg param, String text1, String text2, WaitIconType iconType) dans C:\Users\VirtualUserDev\Documents\Visual Studio 2008\Projects\App\OpenElement\openElement\Class\Common\Wait.vb:ligne 144
16/12/2013 14:20:07 | 
à openElement.WebSite.UIAction.PageEdit.Open(String dataPagePath, Rights rights, Boolean openAsync, String[] selectElemID) dans C:\Users\VirtualUserDev\Documents\Visual Studio 2008\Projects\App\OpenElement\openElement\Class\WebSite\UIAction\PageEdit.vb:ligne 303
16/12/2013 14:20:07 | 
à openElement.WebSite.WebSite.Open(ActionArg`2 actionArg) dans C:\Users\VirtualUserDev\Documents\Visual Studio 2008\Projects\App\OpenElement\openElement\Class\WebSite\WebSite.vb:ligne 205
16/12/2013 14:20:07 | 
à openElement.WebSite.WebSite._Lambda$__19(ActionArg a0) dans C:\Users\VirtualUserDev\Documents\Visual Studio 2008\Projects\App\OpenElement\openElement\Class\WebSite\WebSite.vb:ligne 55
16/12/2013 14:20:07 | 
à openElement.Wait.RunFunction[TResult](FuncWait`1 action, ActionArg param, String text1, String text2, WaitIconType iconType) dans C:\Users\VirtualUserDev\Documents\Visual Studio 2008\Projects\App\OpenElement\openElement\Class\Common\Wait.vb:ligne 144
16/12/2013 14:20:07 | 
à openElement.WebSite.WebSite.Open(String path, Boolean createProject) dans C:\Users\VirtualUserDev\Documents\Visual Studio 2008\Projects\App\OpenElement\openElement\Class\WebSite\WebSite.vb:ligne 55
16/12/2013 14:20:07 | 
à openElement.WebSite.WebSite.Open() dans C:\Users\VirtualUserDev\Documents\Visual Studio 2008\Projects\App\OpenElement\openElement\Class\WebSite\WebSite.vb:ligne 300
16/12/2013 14:20:07 | 
à openElement.Forms.Main.RibbonCore.RPProject.RPGHome.BBIProjectHomeOpen_ItemClick(Object sender, ItemClickEventArgs e) dans C:\Users\VirtualUserDev\Documents\Visual Studio 2008\Projects\App\OpenElement\openElement\Form\Main\RibbonItemCore\Project\RPGHome.vb:ligne 43
16/12/2013 14:20:07 | 
à openElement.Forms.PageViewFromJs._OpenProject() dans C:\Users\VirtualUserDev\Documents\Visual Studio 2008\Projects\App\OpenElement\openElement\Form\Page\PageViewFromJs.vb:ligne 70
16/12/2013 14:20:07 | 
à openElement.Forms.Main.FrmMain.WndProc(Message& m) dans C:\Users\VirtualUserDev\Documents\Visual Studio 2008\Projects\App\OpenElement\openElement\Form\Main\FrmMain.vb:ligne 26
16/12/2013 14:20:07 | 
à openElement.My.MyApplication.Main(String[] Args) dans 17d14f5c-a337-4978-8281-53493378c1071.vb:ligne 81
16/12/2013 14:20:07 | 

16/12/2013 14:20:07 | 
------------------
