1/4/2022 8:03:41 PM | 
1/4/2022 8:03:41 PM | 
Message : The remote name could not be resolved: 'webserv.openelement.com'
1/4/2022 8:03:41 PM | 
LastTrace : System.Web.Services.Protocols.WebClientAsyncResult.WaitForResponse()
1/4/2022 8:03:41 PM | 
Params : 
1/4/2022 8:03:41 PM | 
MethodeName : System.Net.WebResponse WaitForResponse()
1/4/2022 8:03:41 PM | 
Stamp : 1/4/2022 8:03:40 PM
1/4/2022 8:03:41 PM | 
OSFullName : Microsoft Windows 10 Home
1/4/2022 8:03:41 PM | 
AvailablePhysicalMemory : 1.62 Go 
1/4/2022 8:03:41 PM | 
TotalPhysicalMemory : 7.82 Go 
1/4/2022 8:03:41 PM | 
AvailableVirtualMemory : 3.12 Go 
1/4/2022 8:03:41 PM | 
TotalVirtualMemory : 4 Go 
1/4/2022 8:03:41 PM | 
WorkingSet : 315.94 Mo 
1/4/2022 8:03:41 PM | 
PagedMemorySize : 242.18 Mo 
1/4/2022 8:03:41 PM | 
TotalMemory : 61.28 Mo 
1/4/2022 8:03:41 PM | 

1/4/2022 8:03:41 PM | 
ExTrace : 
1/4/2022 8:03:41 PM | 
at System.Web.Services.Protocols.WebClientAsyncResult.WaitForResponse()
1/4/2022 8:03:41 PM | 
at System.Web.Services.Protocols.WebClientProtocol.EndSend(IAsyncResult asyncResult, Object& internalAsyncState, Stream& responseStream)
1/4/2022 8:03:41 PM | 
at System.Web.Services.Protocols.SoapHttpClientProtocol.InvokeAsyncCallback(IAsyncResult result)
1/4/2022 8:03:41 PM | 

1/4/2022 8:03:41 PM | 
OETrace : 
1/4/2022 8:03:41 PM | 
at openElement.My.MyApplication.MyApplication_UnhandledException(Object sender, UnhandledExceptionEventArgs e) in C:\Users\Win7Dev64\Source\Workspaces\openElement\App\openElement\ApplicationEvents.vb:line 93
1/4/2022 8:03:41 PM | 
at openElement.My.MyApplication.Main(String[] Args) in :line 82
1/4/2022 8:03:41 PM | 

1/4/2022 8:03:41 PM | 
------------------
1/4/2022 8:03:52 PM | 
1/4/2022 8:03:52 PM | 
Message : The remote name could not be resolved: 'webserv.openelement.com'
1/4/2022 8:03:52 PM | 
LastTrace : System.Web.Services.Protocols.WebClientAsyncResult.WaitForResponse()
1/4/2022 8:03:52 PM | 
Params : 
1/4/2022 8:03:52 PM | 
MethodeName : System.Net.WebResponse WaitForResponse()
1/4/2022 8:03:52 PM | 
Stamp : 1/4/2022 8:03:52 PM
1/4/2022 8:03:52 PM | 
OSFullName : Microsoft Windows 10 Home
1/4/2022 8:03:52 PM | 
AvailablePhysicalMemory : 1.56 Go 
1/4/2022 8:03:52 PM | 
TotalPhysicalMemory : 7.82 Go 
1/4/2022 8:03:52 PM | 
AvailableVirtualMemory : 3.12 Go 
1/4/2022 8:03:52 PM | 
TotalVirtualMemory : 4 Go 
1/4/2022 8:03:52 PM | 
WorkingSet : 318.12 Mo 
1/4/2022 8:03:52 PM | 
PagedMemorySize : 246.95 Mo 
1/4/2022 8:03:52 PM | 
TotalMemory : 61.57 Mo 
1/4/2022 8:03:52 PM | 

1/4/2022 8:03:52 PM | 
ExTrace : 
1/4/2022 8:03:52 PM | 
at System.Web.Services.Protocols.WebClientAsyncResult.WaitForResponse()
1/4/2022 8:03:52 PM | 
at System.Web.Services.Protocols.WebClientProtocol.EndSend(IAsyncResult asyncResult, Object& internalAsyncState, Stream& responseStream)
1/4/2022 8:03:52 PM | 
at System.Web.Services.Protocols.SoapHttpClientProtocol.InvokeAsyncCallback(IAsyncResult result)
1/4/2022 8:03:52 PM | 

1/4/2022 8:03:52 PM | 
OETrace : 
1/4/2022 8:03:52 PM | 
at openElement.My.MyApplication.MyApplication_UnhandledException(Object sender, UnhandledExceptionEventArgs e) in C:\Users\Win7Dev64\Source\Workspaces\openElement\App\openElement\ApplicationEvents.vb:line 98
1/4/2022 8:03:52 PM | 
at openElement.My.MyApplication.Main(String[] Args) in :line 82
1/4/2022 8:03:52 PM | 

1/4/2022 8:03:52 PM | 
------------------
