20/01/2014 14:05:13 | Debut Mise en ligne complete (Site):
20/01/2014 14:05:16 | Listing terminé :
20/01/2014 14:05:16 | 

20/01/2014 14:05:16 | * Files/Fonts-- -- --Folder create
20/01/2014 14:05:16 | * WEFiles-- -- --Folder create
20/01/2014 14:05:16 | * WEFiles/Xml-- -- --Folder create
20/01/2014 14:05:16 | * WEFiles/Server-- -- --Folder create
20/01/2014 14:05:16 | * WEFiles/Server/language-- -- --Folder create
20/01/2014 14:05:16 | * WEFiles/Server/DB-- -- --Folder create
20/01/2014 14:05:16 | * WEFiles/Server/DB/DBTools-- -- --Folder create
20/01/2014 14:05:16 | * WEFiles/Server/DB/dbadmin-- -- --Folder create
20/01/2014 14:05:16 | * WEFiles/Server/class-- -- --Folder create
20/01/2014 14:05:16 | * WEFiles/Other-- -- --Folder create
20/01/2014 14:05:16 | * WEFiles/Image-- -- --Folder create
20/01/2014 14:05:16 | * WEFiles/Image/Skin-- -- --Folder create
20/01/2014 14:05:16 | * WEFiles/Font-- -- --Folder create
20/01/2014 14:05:16 | * WEFiles/EG-- -- --Folder create
20/01/2014 14:05:16 | * WEFiles/Css-- -- --Folder create
20/01/2014 14:05:16 | * WEFiles/Client-- -- --Folder create
20/01/2014 14:05:16 | * WEFiles/Client/jQuery-- -- --Folder create
20/01/2014 14:05:16 | * WEFiles/Client/jQuery/Plugins-- -- --Folder create
20/01/2014 14:05:16 | * WEFiles/Client/Common-- -- --Folder create
20/01/2014 14:05:16 | * Templates-- -- --Folder create
20/01/2014 14:05:16 | * Files-- -- --Folder create
20/01/2014 14:05:16 | * Files/Video-- -- --Folder create
20/01/2014 14:05:16 | * Files/Other-- -- --Folder create
20/01/2014 14:05:16 | * Files/Media-- -- --Folder create
20/01/2014 14:05:16 | * Files/Image-- -- --Folder create
20/01/2014 14:05:16 | * Files/Fonts-- -- --Folder create
20/01/2014 14:05:16 | * Files/Flash-- -- --Folder create
20/01/2014 14:05:16 | * Files/Audio-- -- --Folder create
20/01/2014 14:05:16 | * Data-- -- --Folder create
20/01/2014 14:05:16 | * Backup-- -- --Folder create
20/01/2014 14:05:16 | * Common-- -- --Folder create
20/01/2014 14:05:16 | * WEFiles/Image/WEImage-- -- --Folder create
20/01/2014 14:05:16 | * Files\Other-- -- --Folder create
20/01/2014 14:05:16 | * Files\Fonts-- -- --Folder create
20/01/2014 14:05:16 | * Backup/.htaccess-- -- --33
20/01/2014 14:05:16 | * Data/.htaccess-- -- --13
20/01/2014 14:05:16 | * WEFiles/Client/Common/oe.min.js-- -- --16311
20/01/2014 14:05:16 | * WEFiles/Client/jQuery/Plugins/jquery.easing.1.3.js-- -- --3233
20/01/2014 14:05:16 | * WEFiles/Client/jQuery/Plugins/jquery.form.js-- -- --11659
20/01/2014 14:05:16 | * WEFiles/Client/jQuery/Plugins/jquery.simplemodal.js-- -- --8558
20/01/2014 14:05:16 | * WEFiles/Client/jQuery/Plugins/jquery.ui.accordion.js-- -- --8874
20/01/2014 14:05:16 | * WEFiles/Client/jQuery/Plugins/jquery.ui.core.js-- -- --19592
20/01/2014 14:05:16 | * WEFiles/Client/jQuery/Plugins/jquery.ui.effects.js-- -- --25199
20/01/2014 14:05:16 | * WEFiles/Client/jQuery/Plugins/jquery.ui.mouse.js-- -- --2876
20/01/2014 14:05:16 | * WEFiles/Client/jQuery/Plugins/jquery.ui.slider.js-- -- --9940
20/01/2014 14:05:16 | * WEFiles/Client/jQuery/Plugins/jquery.ui.widget.js-- -- --3234
20/01/2014 14:05:16 | * WEFiles/Client/jQuery/1.10.2.js-- -- --93107
20/01/2014 14:05:16 | * WEFiles/Client/jQuery/migrate.js-- -- --19479
20/01/2014 14:05:16 | * WEFiles/Client/Json.js-- -- --2766
20/01/2014 14:05:16 | * WEFiles/Client/OEDB.js-- -- --1856
20/01/2014 14:05:16 | * WEFiles/Client/OEDBClasses.js-- -- --2280
20/01/2014 14:05:16 | * WEFiles/Client/openElement.js-- -- --9477
20/01/2014 14:05:16 | * WEFiles/Client/openElementUI.js-- -- --1359
20/01/2014 14:05:16 | * WEFiles/Client/VarText.js-- -- --3356
20/01/2014 14:05:16 | * WEFiles/Client/VarText_fr.js-- -- --1740
20/01/2014 14:05:16 | * WEFiles/Client/xxOEDB.js-- -- --1906
20/01/2014 14:05:16 | * WEFiles/Client/xxOEDBClasses.js-- -- --2280
20/01/2014 14:05:16 | * WEFiles/Css/ie7.css-- -- --835
20/01/2014 14:05:16 | * WEFiles/Css/openElement.css-- -- --4310
20/01/2014 14:05:16 | * WEFiles/Image/Code.png-- -- --831
20/01/2014 14:05:16 | * WEFiles/Image/delete.png-- -- --1465
20/01/2014 14:05:16 | * WEFiles/Image/empty.png-- -- --184
20/01/2014 14:05:16 | * WEFiles/Image/information2.png-- -- --3246
20/01/2014 14:05:16 | * WEFiles/Image/loading.gif-- -- --1924
20/01/2014 14:05:16 | * WEFiles/Image/mask.png-- -- --213
20/01/2014 14:05:16 | * WEFiles/Image/ModalBackgound.png-- -- --27145
20/01/2014 14:05:16 | * WEFiles/Image/ModalPopupBlock.png-- -- --268
20/01/2014 14:05:16 | * WEFiles/Image/ServerError.png-- -- --2602
20/01/2014 14:05:16 | * WEFiles/Image/WEW3C.png-- -- --1882
20/01/2014 14:05:16 | * WEFiles/Server/class/class-phpmailer.php-- -- --64846
20/01/2014 14:05:16 | * WEFiles/Server/class/class-smtp.php-- -- --32442
20/01/2014 14:05:16 | * WEFiles/Server/class/JSON.php-- -- --34073
20/01/2014 14:05:16 | * WEFiles/Server/DB/dbadmin/phpliteadmin.config.php-- -- --2809
20/01/2014 14:05:16 | * WEFiles/Server/DB/dbadmin/phpliteadmin.php-- -- --211157
20/01/2014 14:05:16 | * WEFiles/Server/DB/DBTools/OEDataContainers.php-- -- --57969
20/01/2014 14:05:16 | * WEFiles/Server/DB/DBTools/OEDBRequest.php-- -- --36412
20/01/2014 14:05:16 | * WEFiles/Server/DB/DBTools/OEDynUtils.php-- -- --15881
20/01/2014 14:05:16 | * WEFiles/Server/DB/.htaccess-- -- --13
20/01/2014 14:05:16 | * WEFiles/Server/DB/OEDB.php-- -- --28741
20/01/2014 14:05:16 | * WEFiles/Server/DB/OEDBClasses.php-- -- --84478
20/01/2014 14:05:16 | * WEFiles/Server/DB/sqllogin.php-- -- --1479
20/01/2014 14:05:16 | * WEFiles/Server/language/phpmailer.lang-en.php-- -- --1188
20/01/2014 14:05:16 | * WEFiles/Server/language/phpmailer.lang-fr.php-- -- --1297
20/01/2014 14:05:16 | * WEFiles/Server/openElement.php-- -- --17167
20/01/2014 14:05:16 | * WEFiles/Server/VarText.php-- -- --4306
20/01/2014 14:05:16 | * .htaccess-- -- --0
20/01/2014 14:05:16 | * index(var).js-- -- --879
20/01/2014 14:05:16 | * index(var).php-- -- --1646
20/01/2014 14:05:16 | * index.css-- -- --10684
20/01/2014 14:05:16 | * WEFiles/Image/Skin/3814f248.jpg-- -- --223221
20/01/2014 14:05:16 | * WEFiles/Image/WEImage/e31dad83DEFAULT.png-- -- --268
20/01/2014 14:05:16 | * WEFiles/Image/Skin/1abb2eab.jpg-- -- --233753
20/01/2014 14:05:16 | * WEFiles/Image/Skin/2a3f2740.png-- -- --930
20/01/2014 14:05:16 | * WEFiles/Image/Skin/4d302d5a.png-- -- --1164
20/01/2014 14:05:16 | * WEFiles/Image/Skin/1ea4693c.png-- -- --1325
20/01/2014 14:05:16 | * WEFiles/Image/Skin/89ed3aad.png-- -- --1040
20/01/2014 14:05:16 | * WEFiles/Image/Skin/0a04ec30.jpg-- -- --253506
20/01/2014 14:05:16 | * WEFiles/Image/Skin/1a2d3739.png-- -- --90
20/01/2014 14:05:16 | * WEFiles/Image/Skin/5e7a93a0.png-- -- --2093
20/01/2014 14:05:16 | * WEFiles/Image/Skin/27ffe030.png-- -- --1652
20/01/2014 14:05:16 | * WEFiles/Image/Skin/d20caab5.png-- -- --1564
20/01/2014 14:05:16 | * WEFiles/Image/Skin/a2d6e7ec.png-- -- --1978
20/01/2014 14:05:16 | * WEFiles/Image/Skin/a4748c8c.png-- -- --90
20/01/2014 14:05:16 | * WEFiles/Image/Skin/26c70838.png-- -- --193
20/01/2014 14:05:16 | * WEFiles/Image/Skin/58294202.png-- -- --825
20/01/2014 14:05:16 | * WEFiles/Image/Skin/cbb1ae94.png-- -- --193
20/01/2014 14:05:16 | * WEFiles/Image/Skin/966687aa.png-- -- --825
20/01/2014 14:05:16 | * WEFiles/Server/WESendMail-v2.php-- -- --9850
20/01/2014 14:05:16 | * WEFiles/Client/WESendMail-v2.js-- -- --3950
20/01/2014 14:05:16 | * WEFiles/Image/Skin/e1defe9e.png-- -- --554
20/01/2014 14:05:16 | * WEFiles/Image/Skin/f72ffa6d.png-- -- --348
20/01/2014 14:05:16 | * WEFiles/Image/Skin/0db815a6.png-- -- --348
20/01/2014 14:05:16 | * WEFiles/Image/Flag_DEFAULT.png-- -- --782
20/01/2014 14:05:16 | * WEFiles/Image/Flag_FR.png-- -- --771
20/01/2014 14:05:16 | * WEFiles/Image/Skin/23baf6c8.png-- -- --520
20/01/2014 14:05:16 | * WEFiles/Image/Skin/962e1fc1.png-- -- --477
20/01/2014 14:05:16 | * WEFiles/Image/Skin/f4da6582.png-- -- --229
20/01/2014 14:05:16 | * WEFiles/Image/Skin/00bff3bd.png-- -- --223
20/01/2014 14:05:16 | * WEFiles/Image/Skin/c92e726e.png-- -- --230
20/01/2014 14:05:16 | * WEFiles/Image/Skin/1ccc25ab.png-- -- --266
20/01/2014 14:05:16 | * WEFiles/Image/Skin/dc555665.png-- -- --1363
20/01/2014 14:05:16 | * WEFiles/Image/Skin/ebc9774e.png-- -- --1600
20/01/2014 14:05:16 | * index.fr.htm-- -- --50322
20/01/2014 14:05:16 | * index.htm-- -- --51005
20/01/2014 14:05:16 | * robots.txt-- -- --56
20/01/2014 14:05:16 | * SAMPLE(var).php-- -- --314
20/01/2014 14:05:16 | * SAMPLE.css-- -- --13252
20/01/2014 14:05:16 | * Files/Image/icone-demo.png-- -- --16324
20/01/2014 14:05:16 | * WEFiles/Image/Skin/f43c7602.png-- -- --90
20/01/2014 14:05:16 | * WEFiles/Image/Skin/fd65299b.jpg-- -- --9952
20/01/2014 14:05:16 | * WEFiles/Image/Skin/d948ce83.png-- -- --90
20/01/2014 14:05:16 | * WEFiles/Image/Skin/88cbd4d4.png-- -- --90
20/01/2014 14:05:16 | * WEFiles/Image/Skin/ac543dc2.png-- -- --90
20/01/2014 14:05:16 | * WEFiles/Image/Skin/deb8b244.png-- -- --90
20/01/2014 14:05:16 | * WEFiles/Image/Skin/ab4ef622.jpg-- -- --9952
20/01/2014 14:05:16 | * WEFiles/Image/Skin/23fa532d.jpg-- -- --9952
20/01/2014 14:05:16 | * SAMPLE.fr.htm-- -- --50400
20/01/2014 14:05:16 | * SAMPLE.htm-- -- --51317
20/01/2014 14:05:16 | * sitemap.xml-- -- --1823
20/01/2014 14:05:16 | * Files/Fonts/Domestic Manners.eot-- -- --61388
20/01/2014 14:05:16 | * Files/Fonts/Domestic Manners.ttf-- -- --61128
20/01/2014 14:05:16 | * Files/Fonts/Domestic Manners.woff-- -- --34672
20/01/2014 14:05:16 | * Files/Fonts/Fonts.css-- -- --1500
20/01/2014 14:05:16 | * Files/Fonts/GeosansLight.eot-- -- --60242
20/01/2014 14:05:16 | * Files/Fonts/GeosansLight.ttf-- -- --60072
20/01/2014 14:05:16 | * Files/Fonts/GeosansLight.woff-- -- --32304
20/01/2014 14:05:16 | * Files/Fonts/Open Sans Light.eot-- -- --42150
20/01/2014 14:05:16 | * Files/Fonts/Open Sans Light.ttf-- -- --41936
20/01/2014 14:05:16 | * Files/Fonts/Open Sans Light.woff-- -- --22868
20/01/2014 14:05:16 | * Files/Fonts/Open Sans.eot-- -- --42790
20/01/2014 14:05:16 | * Files/Fonts/Open Sans.ttf-- -- --42600
20/01/2014 14:05:16 | * Files/Fonts/Open Sans.woff-- -- --23520
20/01/2014 14:05:16 | * Templates/Base_MenuRetractable.css-- -- --6465
20/01/2014 14:05:16 | * Templates/Base_Scripts.css-- -- --600
20/01/2014 14:05:19 | 
20/01/2014 14:05:19 | 
--------------------------------Phase 1 Terminé--------------------------------
20/01/2014 14:05:19 | 

20/01/2014 15:03:32 | Debut Mise en ligne complete (Site):
20/01/2014 15:03:36 | Listing terminé :
20/01/2014 15:03:36 | 

20/01/2014 15:03:36 | * Files/Fonts-- -- --Folder create
20/01/2014 15:03:36 | * WEFiles-- -- --Folder create
20/01/2014 15:03:36 | * WEFiles/Xml-- -- --Folder create
20/01/2014 15:03:36 | * WEFiles/Server-- -- --Folder create
20/01/2014 15:03:36 | * WEFiles/Server/language-- -- --Folder create
20/01/2014 15:03:36 | * WEFiles/Server/DB-- -- --Folder create
20/01/2014 15:03:36 | * WEFiles/Server/DB/DBTools-- -- --Folder create
20/01/2014 15:03:36 | * WEFiles/Server/DB/dbadmin-- -- --Folder create
20/01/2014 15:03:36 | * WEFiles/Server/class-- -- --Folder create
20/01/2014 15:03:36 | * WEFiles/Other-- -- --Folder create
20/01/2014 15:03:36 | * WEFiles/Image-- -- --Folder create
20/01/2014 15:03:36 | * WEFiles/Image/Skin-- -- --Folder create
20/01/2014 15:03:36 | * WEFiles/Font-- -- --Folder create
20/01/2014 15:03:36 | * WEFiles/EG-- -- --Folder create
20/01/2014 15:03:36 | * WEFiles/Css-- -- --Folder create
20/01/2014 15:03:36 | * WEFiles/Client-- -- --Folder create
20/01/2014 15:03:36 | * WEFiles/Client/jQuery-- -- --Folder create
20/01/2014 15:03:36 | * WEFiles/Client/jQuery/Plugins-- -- --Folder create
20/01/2014 15:03:36 | * WEFiles/Client/Common-- -- --Folder create
20/01/2014 15:03:36 | * Templates-- -- --Folder create
20/01/2014 15:03:36 | * Files-- -- --Folder create
20/01/2014 15:03:36 | * Files/Video-- -- --Folder create
20/01/2014 15:03:36 | * Files/Other-- -- --Folder create
20/01/2014 15:03:36 | * Files/Media-- -- --Folder create
20/01/2014 15:03:36 | * Files/Image-- -- --Folder create
20/01/2014 15:03:36 | * Files/Fonts-- -- --Folder create
20/01/2014 15:03:36 | * Files/Flash-- -- --Folder create
20/01/2014 15:03:36 | * Files/Audio-- -- --Folder create
20/01/2014 15:03:36 | * Data-- -- --Folder create
20/01/2014 15:03:36 | * Backup-- -- --Folder create
20/01/2014 15:03:36 | * Common-- -- --Folder create
20/01/2014 15:03:36 | * WEFiles/Image/WEImage-- -- --Folder create
20/01/2014 15:03:36 | * Files\Other-- -- --Folder create
20/01/2014 15:03:36 | * Files\Fonts-- -- --Folder create
20/01/2014 15:03:36 | * Backup/.htaccess-- -- --33
20/01/2014 15:03:36 | * Data/.htaccess-- -- --13
20/01/2014 15:03:36 | * WEFiles/Client/Common/oe.min.js-- -- --16311
20/01/2014 15:03:36 | * WEFiles/Client/jQuery/Plugins/jquery.easing.1.3.js-- -- --3233
20/01/2014 15:03:36 | * WEFiles/Client/jQuery/Plugins/jquery.form.js-- -- --11659
20/01/2014 15:03:36 | * WEFiles/Client/jQuery/Plugins/jquery.simplemodal.js-- -- --8558
20/01/2014 15:03:36 | * WEFiles/Client/jQuery/Plugins/jquery.ui.accordion.js-- -- --8874
20/01/2014 15:03:36 | * WEFiles/Client/jQuery/Plugins/jquery.ui.core.js-- -- --19592
20/01/2014 15:03:36 | * WEFiles/Client/jQuery/Plugins/jquery.ui.effects.js-- -- --25199
20/01/2014 15:03:36 | * WEFiles/Client/jQuery/Plugins/jquery.ui.mouse.js-- -- --2876
20/01/2014 15:03:36 | * WEFiles/Client/jQuery/Plugins/jquery.ui.slider.js-- -- --9940
20/01/2014 15:03:36 | * WEFiles/Client/jQuery/Plugins/jquery.ui.widget.js-- -- --3234
20/01/2014 15:03:36 | * WEFiles/Client/jQuery/1.10.2.js-- -- --93107
20/01/2014 15:03:36 | * WEFiles/Client/jQuery/migrate.js-- -- --19479
20/01/2014 15:03:36 | * WEFiles/Client/Json.js-- -- --2766
20/01/2014 15:03:36 | * WEFiles/Client/OEDB.js-- -- --1856
20/01/2014 15:03:36 | * WEFiles/Client/OEDBClasses.js-- -- --2280
20/01/2014 15:03:36 | * WEFiles/Client/openElement.js-- -- --9477
20/01/2014 15:03:36 | * WEFiles/Client/openElementUI.js-- -- --1359
20/01/2014 15:03:36 | * WEFiles/Client/VarText.js-- -- --3356
20/01/2014 15:03:36 | * WEFiles/Client/VarText_fr.js-- -- --1740
20/01/2014 15:03:36 | * WEFiles/Client/xxOEDB.js-- -- --1906
20/01/2014 15:03:36 | * WEFiles/Client/xxOEDBClasses.js-- -- --2280
20/01/2014 15:03:36 | * WEFiles/Css/ie7.css-- -- --835
20/01/2014 15:03:36 | * WEFiles/Css/openElement.css-- -- --7368
20/01/2014 15:03:36 | * WEFiles/Image/Code.png-- -- --831
20/01/2014 15:03:36 | * WEFiles/Image/delete.png-- -- --1465
20/01/2014 15:03:36 | * WEFiles/Image/empty.png-- -- --184
20/01/2014 15:03:36 | * WEFiles/Image/information2.png-- -- --3246
20/01/2014 15:03:36 | * WEFiles/Image/loading.gif-- -- --1924
20/01/2014 15:03:36 | * WEFiles/Image/mask.png-- -- --213
20/01/2014 15:03:36 | * WEFiles/Image/ModalBackgound.png-- -- --27145
20/01/2014 15:03:36 | * WEFiles/Image/ModalPopupBlock.png-- -- --268
20/01/2014 15:03:36 | * WEFiles/Image/ServerError.png-- -- --2602
20/01/2014 15:03:36 | * WEFiles/Image/WEW3C.png-- -- --1882
20/01/2014 15:03:36 | * WEFiles/Server/class/class-phpmailer.php-- -- --64846
20/01/2014 15:03:36 | * WEFiles/Server/class/class-smtp.php-- -- --32442
20/01/2014 15:03:36 | * WEFiles/Server/class/JSON.php-- -- --34073
20/01/2014 15:03:36 | * WEFiles/Server/DB/dbadmin/phpliteadmin.config.php-- -- --2809
20/01/2014 15:03:36 | * WEFiles/Server/DB/dbadmin/phpliteadmin.php-- -- --211157
20/01/2014 15:03:36 | * WEFiles/Server/DB/DBTools/OEDataContainers.php-- -- --57969
20/01/2014 15:03:36 | * WEFiles/Server/DB/DBTools/OEDBRequest.php-- -- --36412
20/01/2014 15:03:36 | * WEFiles/Server/DB/DBTools/OEDynUtils.php-- -- --15881
20/01/2014 15:03:36 | * WEFiles/Server/DB/.htaccess-- -- --13
20/01/2014 15:03:36 | * WEFiles/Server/DB/OEDB.php-- -- --28741
20/01/2014 15:03:36 | * WEFiles/Server/DB/OEDBClasses.php-- -- --84478
20/01/2014 15:03:36 | * WEFiles/Server/DB/sqllogin.php-- -- --1479
20/01/2014 15:03:36 | * WEFiles/Server/language/phpmailer.lang-en.php-- -- --1188
20/01/2014 15:03:36 | * WEFiles/Server/language/phpmailer.lang-fr.php-- -- --1297
20/01/2014 15:03:36 | * WEFiles/Server/openElement.php-- -- --17167
20/01/2014 15:03:36 | * WEFiles/Server/VarText.php-- -- --4306
20/01/2014 15:03:36 | * .htaccess-- -- --0
20/01/2014 15:03:36 | * index(var).js-- -- --879
20/01/2014 15:03:36 | * index(var).php-- -- --1646
20/01/2014 15:03:36 | * index.css-- -- --10877
20/01/2014 15:03:36 | * WEFiles/Image/Skin/3814f248.jpg-- -- --223221
20/01/2014 15:03:36 | * WEFiles/Image/WEImage/e31dad83DEFAULT.png-- -- --268
20/01/2014 15:03:36 | * WEFiles/Image/Skin/1abb2eab.jpg-- -- --233753
20/01/2014 15:03:36 | * WEFiles/Image/Skin/2a3f2740.png-- -- --930
20/01/2014 15:03:36 | * WEFiles/Image/Skin/4d302d5a.png-- -- --1164
20/01/2014 15:03:36 | * WEFiles/Image/Skin/1ea4693c.png-- -- --1325
20/01/2014 15:03:36 | * WEFiles/Image/Skin/89ed3aad.png-- -- --1040
20/01/2014 15:03:36 | * WEFiles/Image/Skin/0a04ec30.jpg-- -- --253506
20/01/2014 15:03:36 | * WEFiles/Image/Skin/1a2d3739.png-- -- --90
20/01/2014 15:03:36 | * WEFiles/Image/Skin/5e7a93a0.png-- -- --2093
20/01/2014 15:03:36 | * WEFiles/Image/Skin/27ffe030.png-- -- --1652
20/01/2014 15:03:36 | * WEFiles/Image/Skin/d20caab5.png-- -- --1564
20/01/2014 15:03:36 | * WEFiles/Image/Skin/a2d6e7ec.png-- -- --1978
20/01/2014 15:03:36 | * WEFiles/Image/Skin/a4748c8c.png-- -- --90
20/01/2014 15:03:36 | * WEFiles/Image/Skin/26c70838.png-- -- --193
20/01/2014 15:03:36 | * WEFiles/Image/Skin/58294202.png-- -- --825
20/01/2014 15:03:36 | * WEFiles/Image/Skin/cbb1ae94.png-- -- --193
20/01/2014 15:03:36 | * WEFiles/Image/Skin/966687aa.png-- -- --825
20/01/2014 15:03:36 | * WEFiles/Server/WESendMail-v2.php-- -- --9850
20/01/2014 15:03:36 | * WEFiles/Client/WESendMail-v2.js-- -- --3950
20/01/2014 15:03:36 | * WEFiles/Image/Skin/e1defe9e.png-- -- --554
20/01/2014 15:03:36 | * WEFiles/Image/Skin/f72ffa6d.png-- -- --348
20/01/2014 15:03:36 | * WEFiles/Image/Skin/0db815a6.png-- -- --348
20/01/2014 15:03:36 | * WEFiles/Image/Flag_DEFAULT.png-- -- --782
20/01/2014 15:03:36 | * WEFiles/Image/Flag_FR.png-- -- --771
20/01/2014 15:03:36 | * WEFiles/Image/Skin/23baf6c8.png-- -- --520
20/01/2014 15:03:36 | * WEFiles/Image/Skin/962e1fc1.png-- -- --477
20/01/2014 15:03:36 | * WEFiles/Image/Skin/f4da6582.png-- -- --229
20/01/2014 15:03:36 | * WEFiles/Image/Skin/00bff3bd.png-- -- --223
20/01/2014 15:03:36 | * WEFiles/Image/Skin/c92e726e.png-- -- --230
20/01/2014 15:03:36 | * WEFiles/Image/Skin/1ccc25ab.png-- -- --266
20/01/2014 15:03:36 | * WEFiles/Image/Skin/dc555665.png-- -- --1363
20/01/2014 15:03:36 | * WEFiles/Image/Skin/ebc9774e.png-- -- --1600
20/01/2014 15:03:36 | * index.fr.htm-- -- --50397
20/01/2014 15:03:36 | * index.htm-- -- --51080
20/01/2014 15:03:36 | * robots.txt-- -- --56
20/01/2014 15:03:36 | * SAMPLE(var).php-- -- --314
20/01/2014 15:03:36 | * SAMPLE.css-- -- --13252
20/01/2014 15:03:36 | * Files/Image/icone-demo.png-- -- --16324
20/01/2014 15:03:36 | * WEFiles/Image/Skin/f43c7602.png-- -- --90
20/01/2014 15:03:36 | * WEFiles/Image/Skin/fd65299b.jpg-- -- --9952
20/01/2014 15:03:36 | * WEFiles/Image/Skin/d948ce83.png-- -- --90
20/01/2014 15:03:36 | * WEFiles/Image/Skin/88cbd4d4.png-- -- --90
20/01/2014 15:03:36 | * WEFiles/Image/Skin/ac543dc2.png-- -- --90
20/01/2014 15:03:36 | * WEFiles/Image/Skin/deb8b244.png-- -- --90
20/01/2014 15:03:36 | * WEFiles/Image/Skin/ab4ef622.jpg-- -- --9952
20/01/2014 15:03:36 | * WEFiles/Image/Skin/23fa532d.jpg-- -- --9952
20/01/2014 15:03:36 | * SAMPLE.fr.htm-- -- --50400
20/01/2014 15:03:36 | * SAMPLE.htm-- -- --51317
20/01/2014 15:03:36 | * sitemap.xml-- -- --1823
20/01/2014 15:03:36 | * Files/Fonts/Domestic Manners.eot-- -- --61388
20/01/2014 15:03:36 | * Files/Fonts/Domestic Manners.ttf-- -- --61128
20/01/2014 15:03:36 | * Files/Fonts/Domestic Manners.woff-- -- --34672
20/01/2014 15:03:36 | * Files/Fonts/Fonts.css-- -- --1500
20/01/2014 15:03:36 | * Files/Fonts/GeosansLight.eot-- -- --60242
20/01/2014 15:03:36 | * Files/Fonts/GeosansLight.ttf-- -- --60072
20/01/2014 15:03:36 | * Files/Fonts/GeosansLight.woff-- -- --32304
20/01/2014 15:03:36 | * Files/Fonts/Open Sans Light.eot-- -- --42150
20/01/2014 15:03:36 | * Files/Fonts/Open Sans Light.ttf-- -- --41936
20/01/2014 15:03:36 | * Files/Fonts/Open Sans Light.woff-- -- --22868
20/01/2014 15:03:36 | * Files/Fonts/Open Sans.eot-- -- --42790
20/01/2014 15:03:36 | * Files/Fonts/Open Sans.ttf-- -- --42600
20/01/2014 15:03:36 | * Files/Fonts/Open Sans.woff-- -- --23520
20/01/2014 15:03:36 | * Templates/Base_MenuRetractable.css-- -- --6465
20/01/2014 15:03:36 | * Templates/Base_Scripts.css-- -- --600
20/01/2014 15:03:39 | 
20/01/2014 15:03:39 | 
--------------------------------Phase 1 Terminé--------------------------------
20/01/2014 15:03:39 | 

20/01/2014 15:34:55 | Debut Mise en ligne complete (Site):
20/01/2014 15:34:58 | Listing terminé :
20/01/2014 15:34:58 | 

20/01/2014 15:34:58 | * Files/Fonts-- -- --Folder create
20/01/2014 15:34:58 | * WEFiles-- -- --Folder create
20/01/2014 15:34:58 | * WEFiles/Xml-- -- --Folder create
20/01/2014 15:34:58 | * WEFiles/Server-- -- --Folder create
20/01/2014 15:34:58 | * WEFiles/Server/language-- -- --Folder create
20/01/2014 15:34:58 | * WEFiles/Server/DB-- -- --Folder create
20/01/2014 15:34:58 | * WEFiles/Server/DB/DBTools-- -- --Folder create
20/01/2014 15:34:58 | * WEFiles/Server/DB/dbadmin-- -- --Folder create
20/01/2014 15:34:58 | * WEFiles/Server/class-- -- --Folder create
20/01/2014 15:34:58 | * WEFiles/Other-- -- --Folder create
20/01/2014 15:34:58 | * WEFiles/Image-- -- --Folder create
20/01/2014 15:34:58 | * WEFiles/Image/Skin-- -- --Folder create
20/01/2014 15:34:58 | * WEFiles/Font-- -- --Folder create
20/01/2014 15:34:58 | * WEFiles/EG-- -- --Folder create
20/01/2014 15:34:58 | * WEFiles/Css-- -- --Folder create
20/01/2014 15:34:58 | * WEFiles/Client-- -- --Folder create
20/01/2014 15:34:58 | * WEFiles/Client/jQuery-- -- --Folder create
20/01/2014 15:34:58 | * WEFiles/Client/jQuery/Plugins-- -- --Folder create
20/01/2014 15:34:58 | * WEFiles/Client/Common-- -- --Folder create
20/01/2014 15:34:58 | * Templates-- -- --Folder create
20/01/2014 15:34:58 | * Files-- -- --Folder create
20/01/2014 15:34:58 | * Files/Video-- -- --Folder create
20/01/2014 15:34:58 | * Files/Other-- -- --Folder create
20/01/2014 15:34:58 | * Files/Media-- -- --Folder create
20/01/2014 15:34:58 | * Files/Image-- -- --Folder create
20/01/2014 15:34:58 | * Files/Fonts-- -- --Folder create
20/01/2014 15:34:58 | * Files/Flash-- -- --Folder create
20/01/2014 15:34:58 | * Files/Audio-- -- --Folder create
20/01/2014 15:34:58 | * Data-- -- --Folder create
20/01/2014 15:34:58 | * Backup-- -- --Folder create
20/01/2014 15:34:58 | * Common-- -- --Folder create
20/01/2014 15:34:58 | * WEFiles/Image/WEImage-- -- --Folder create
20/01/2014 15:34:58 | * Files\Other-- -- --Folder create
20/01/2014 15:34:58 | * Files\Fonts-- -- --Folder create
20/01/2014 15:34:58 | * Backup/.htaccess-- -- --33
20/01/2014 15:34:58 | * Data/.htaccess-- -- --13
20/01/2014 15:34:58 | * WEFiles/Client/Common/oe.min.js-- -- --16311
20/01/2014 15:34:58 | * WEFiles/Client/jQuery/Plugins/jquery.easing.1.3.js-- -- --3233
20/01/2014 15:34:58 | * WEFiles/Client/jQuery/Plugins/jquery.form.js-- -- --11659
20/01/2014 15:34:58 | * WEFiles/Client/jQuery/Plugins/jquery.simplemodal.js-- -- --8558
20/01/2014 15:34:58 | * WEFiles/Client/jQuery/Plugins/jquery.ui.accordion.js-- -- --8874
20/01/2014 15:34:58 | * WEFiles/Client/jQuery/Plugins/jquery.ui.core.js-- -- --19592
20/01/2014 15:34:58 | * WEFiles/Client/jQuery/Plugins/jquery.ui.effects.js-- -- --25199
20/01/2014 15:34:58 | * WEFiles/Client/jQuery/Plugins/jquery.ui.mouse.js-- -- --2876
20/01/2014 15:34:58 | * WEFiles/Client/jQuery/Plugins/jquery.ui.slider.js-- -- --9940
20/01/2014 15:34:58 | * WEFiles/Client/jQuery/Plugins/jquery.ui.widget.js-- -- --3234
20/01/2014 15:34:58 | * WEFiles/Client/jQuery/1.10.2.js-- -- --93107
20/01/2014 15:34:58 | * WEFiles/Client/jQuery/migrate.js-- -- --19479
20/01/2014 15:34:58 | * WEFiles/Client/Json.js-- -- --2766
20/01/2014 15:34:58 | * WEFiles/Client/OEDB.js-- -- --1856
20/01/2014 15:34:58 | * WEFiles/Client/OEDBClasses.js-- -- --2280
20/01/2014 15:34:58 | * WEFiles/Client/openElement.js-- -- --9477
20/01/2014 15:34:58 | * WEFiles/Client/openElementUI.js-- -- --1359
20/01/2014 15:34:58 | * WEFiles/Client/VarText.js-- -- --3356
20/01/2014 15:34:58 | * WEFiles/Client/VarText_fr.js-- -- --1740
20/01/2014 15:34:58 | * WEFiles/Client/xxOEDB.js-- -- --1906
20/01/2014 15:34:58 | * WEFiles/Client/xxOEDBClasses.js-- -- --2280
20/01/2014 15:34:58 | * WEFiles/Css/ie7.css-- -- --835
20/01/2014 15:34:58 | * WEFiles/Css/openElement.css-- -- --4447
20/01/2014 15:34:58 | * WEFiles/Image/Code.png-- -- --831
20/01/2014 15:34:58 | * WEFiles/Image/delete.png-- -- --1465
20/01/2014 15:34:58 | * WEFiles/Image/empty.png-- -- --184
20/01/2014 15:34:58 | * WEFiles/Image/information2.png-- -- --3246
20/01/2014 15:34:58 | * WEFiles/Image/loading.gif-- -- --1924
20/01/2014 15:34:58 | * WEFiles/Image/mask.png-- -- --213
20/01/2014 15:34:58 | * WEFiles/Image/ModalBackgound.png-- -- --27145
20/01/2014 15:34:58 | * WEFiles/Image/ModalPopupBlock.png-- -- --268
20/01/2014 15:34:58 | * WEFiles/Image/ServerError.png-- -- --2602
20/01/2014 15:34:58 | * WEFiles/Image/WEW3C.png-- -- --1882
20/01/2014 15:34:58 | * WEFiles/Server/class/class-phpmailer.php-- -- --64846
20/01/2014 15:34:58 | * WEFiles/Server/class/class-smtp.php-- -- --32442
20/01/2014 15:34:58 | * WEFiles/Server/class/JSON.php-- -- --34073
20/01/2014 15:34:58 | * WEFiles/Server/DB/dbadmin/phpliteadmin.config.php-- -- --2809
20/01/2014 15:34:58 | * WEFiles/Server/DB/dbadmin/phpliteadmin.php-- -- --211157
20/01/2014 15:34:58 | * WEFiles/Server/DB/DBTools/OEDataContainers.php-- -- --57969
20/01/2014 15:34:58 | * WEFiles/Server/DB/DBTools/OEDBRequest.php-- -- --36412
20/01/2014 15:34:58 | * WEFiles/Server/DB/DBTools/OEDynUtils.php-- -- --15881
20/01/2014 15:34:58 | * WEFiles/Server/DB/.htaccess-- -- --13
20/01/2014 15:34:58 | * WEFiles/Server/DB/OEDB.php-- -- --28741
20/01/2014 15:34:58 | * WEFiles/Server/DB/OEDBClasses.php-- -- --84478
20/01/2014 15:34:58 | * WEFiles/Server/DB/sqllogin.php-- -- --1479
20/01/2014 15:34:58 | * WEFiles/Server/language/phpmailer.lang-en.php-- -- --1188
20/01/2014 15:34:58 | * WEFiles/Server/language/phpmailer.lang-fr.php-- -- --1297
20/01/2014 15:34:58 | * WEFiles/Server/openElement.php-- -- --17167
20/01/2014 15:34:58 | * WEFiles/Server/VarText.php-- -- --4306
20/01/2014 15:34:58 | * .htaccess-- -- --0
20/01/2014 15:34:58 | * index(var).js-- -- --879
20/01/2014 15:34:58 | * index(var).php-- -- --1646
20/01/2014 15:34:58 | * index.css-- -- --10879
20/01/2014 15:34:58 | * WEFiles/Image/Skin/3814f248.jpg-- -- --223221
20/01/2014 15:34:58 | * WEFiles/Image/WEImage/e31dad83DEFAULT.png-- -- --268
20/01/2014 15:34:58 | * WEFiles/Image/Skin/1abb2eab.jpg-- -- --233753
20/01/2014 15:34:58 | * WEFiles/Image/Skin/2a3f2740.png-- -- --930
20/01/2014 15:34:58 | * WEFiles/Image/Skin/4d302d5a.png-- -- --1164
20/01/2014 15:34:58 | * WEFiles/Image/Skin/1ea4693c.png-- -- --1325
20/01/2014 15:34:58 | * WEFiles/Image/Skin/89ed3aad.png-- -- --1040
20/01/2014 15:34:58 | * WEFiles/Image/Skin/0a04ec30.jpg-- -- --253506
20/01/2014 15:34:58 | * WEFiles/Image/Skin/1a2d3739.png-- -- --90
20/01/2014 15:34:58 | * WEFiles/Image/Skin/5e7a93a0.png-- -- --2093
20/01/2014 15:34:58 | * WEFiles/Image/Skin/27ffe030.png-- -- --1652
20/01/2014 15:34:58 | * WEFiles/Image/Skin/d20caab5.png-- -- --1564
20/01/2014 15:34:58 | * WEFiles/Image/Skin/a2d6e7ec.png-- -- --1978
20/01/2014 15:34:58 | * WEFiles/Image/Skin/a4748c8c.png-- -- --90
20/01/2014 15:34:58 | * WEFiles/Image/Skin/26c70838.png-- -- --193
20/01/2014 15:34:58 | * WEFiles/Image/Skin/58294202.png-- -- --825
20/01/2014 15:34:58 | * WEFiles/Image/Skin/cbb1ae94.png-- -- --193
20/01/2014 15:34:58 | * WEFiles/Image/Skin/966687aa.png-- -- --825
20/01/2014 15:34:58 | * WEFiles/Server/WESendMail-v2.php-- -- --9850
20/01/2014 15:34:58 | * WEFiles/Client/WESendMail-v2.js-- -- --3950
20/01/2014 15:34:58 | * WEFiles/Image/Skin/e1defe9e.png-- -- --554
20/01/2014 15:34:58 | * WEFiles/Image/Skin/f72ffa6d.png-- -- --348
20/01/2014 15:34:58 | * WEFiles/Image/Skin/0db815a6.png-- -- --348
20/01/2014 15:34:58 | * WEFiles/Image/Flag_DEFAULT.png-- -- --782
20/01/2014 15:34:58 | * WEFiles/Image/Flag_FR.png-- -- --771
20/01/2014 15:34:58 | * WEFiles/Image/Skin/23baf6c8.png-- -- --520
20/01/2014 15:34:58 | * WEFiles/Image/Skin/962e1fc1.png-- -- --477
20/01/2014 15:34:58 | * WEFiles/Image/Skin/f4da6582.png-- -- --229
20/01/2014 15:34:58 | * WEFiles/Image/Skin/00bff3bd.png-- -- --223
20/01/2014 15:34:58 | * WEFiles/Image/Skin/c92e726e.png-- -- --230
20/01/2014 15:34:58 | * WEFiles/Image/Skin/1ccc25ab.png-- -- --266
20/01/2014 15:34:58 | * WEFiles/Image/Skin/dc555665.png-- -- --1363
20/01/2014 15:34:58 | * WEFiles/Image/Skin/ebc9774e.png-- -- --1600
20/01/2014 15:34:58 | * index.fr.htm-- -- --50310
20/01/2014 15:34:58 | * index.htm-- -- --50993
20/01/2014 15:34:58 | * robots.txt-- -- --56
20/01/2014 15:34:58 | * SAMPLE(var).php-- -- --314
20/01/2014 15:34:58 | * SAMPLE.css-- -- --13447
20/01/2014 15:34:58 | * Files/Image/icone-demo.png-- -- --16324
20/01/2014 15:34:58 | * WEFiles/Image/Skin/f43c7602.png-- -- --90
20/01/2014 15:34:58 | * WEFiles/Image/Skin/fd65299b.jpg-- -- --9952
20/01/2014 15:34:59 | * WEFiles/Image/Skin/d948ce83.png-- -- --90
20/01/2014 15:34:59 | * WEFiles/Image/Skin/88cbd4d4.png-- -- --90
20/01/2014 15:34:59 | * WEFiles/Image/Skin/ac543dc2.png-- -- --90
20/01/2014 15:34:59 | * WEFiles/Image/Skin/deb8b244.png-- -- --90
20/01/2014 15:34:59 | * WEFiles/Image/Skin/ab4ef622.jpg-- -- --9952
20/01/2014 15:34:59 | * WEFiles/Image/Skin/23fa532d.jpg-- -- --9952
20/01/2014 15:34:59 | * SAMPLE.fr.htm-- -- --50388
20/01/2014 15:34:59 | * SAMPLE.htm-- -- --51305
20/01/2014 15:34:59 | * sitemap.xml-- -- --1823
20/01/2014 15:34:59 | * Files/Fonts/Domestic Manners.eot-- -- --61388
20/01/2014 15:34:59 | * Files/Fonts/Domestic Manners.ttf-- -- --61128
20/01/2014 15:34:59 | * Files/Fonts/Domestic Manners.woff-- -- --34672
20/01/2014 15:34:59 | * Files/Fonts/Fonts.css-- -- --1500
20/01/2014 15:34:59 | * Files/Fonts/GeosansLight.eot-- -- --60242
20/01/2014 15:34:59 | * Files/Fonts/GeosansLight.ttf-- -- --60072
20/01/2014 15:34:59 | * Files/Fonts/GeosansLight.woff-- -- --32304
20/01/2014 15:34:59 | * Files/Fonts/Open Sans Light.eot-- -- --42150
20/01/2014 15:34:59 | * Files/Fonts/Open Sans Light.ttf-- -- --41936
20/01/2014 15:34:59 | * Files/Fonts/Open Sans Light.woff-- -- --22868
20/01/2014 15:34:59 | * Files/Fonts/Open Sans.eot-- -- --42790
20/01/2014 15:34:59 | * Files/Fonts/Open Sans.ttf-- -- --42600
20/01/2014 15:34:59 | * Files/Fonts/Open Sans.woff-- -- --23520
20/01/2014 15:34:59 | * Templates/Base_MenuRetractable.css-- -- --6465
20/01/2014 15:34:59 | * Templates/Base_Scripts.css-- -- --600
20/01/2014 15:35:03 | 
20/01/2014 15:35:03 | 
--------------------------------Phase 1 Terminé--------------------------------
20/01/2014 15:35:03 | 

25/01/2014 17:35:30 | Debut Mise en ligne complete (Site):
25/01/2014 17:35:32 | Listing terminé :
25/01/2014 17:35:32 | 

25/01/2014 17:35:32 | * Files/Fonts-- -- --Folder create
25/01/2014 17:35:33 | * WEFiles-- -- --Folder create
25/01/2014 17:35:33 | * WEFiles/Xml-- -- --Folder create
25/01/2014 17:35:33 | * WEFiles/Server-- -- --Folder create
25/01/2014 17:35:33 | * WEFiles/Server/language-- -- --Folder create
25/01/2014 17:35:33 | * WEFiles/Server/DB-- -- --Folder create
25/01/2014 17:35:33 | * WEFiles/Server/DB/DBTools-- -- --Folder create
25/01/2014 17:35:33 | * WEFiles/Server/class-- -- --Folder create
25/01/2014 17:35:33 | * WEFiles/Other-- -- --Folder create
25/01/2014 17:35:33 | * WEFiles/Image-- -- --Folder create
25/01/2014 17:35:33 | * WEFiles/Font-- -- --Folder create
25/01/2014 17:35:33 | * WEFiles/EG-- -- --Folder create
25/01/2014 17:35:33 | * WEFiles/Css-- -- --Folder create
25/01/2014 17:35:33 | * WEFiles/Client-- -- --Folder create
25/01/2014 17:35:33 | * WEFiles/Client/jQuery-- -- --Folder create
25/01/2014 17:35:33 | * WEFiles/Client/jQuery/Plugins-- -- --Folder create
25/01/2014 17:35:33 | * WEFiles/Client/Common-- -- --Folder create
25/01/2014 17:35:33 | * Templates-- -- --Folder create
25/01/2014 17:35:33 | * Files-- -- --Folder create
25/01/2014 17:35:33 | * Files/Video-- -- --Folder create
25/01/2014 17:35:33 | * Files/Other-- -- --Folder create
25/01/2014 17:35:33 | * Files/Media-- -- --Folder create
25/01/2014 17:35:33 | * Files/Image-- -- --Folder create
25/01/2014 17:35:33 | * Files/Fonts-- -- --Folder create
25/01/2014 17:35:33 | * Files/Flash-- -- --Folder create
25/01/2014 17:35:33 | * Files/Audio-- -- --Folder create
25/01/2014 17:35:33 | * Data-- -- --Folder create
25/01/2014 17:35:33 | * Backup-- -- --Folder create
25/01/2014 17:35:33 | * Common-- -- --Folder create
25/01/2014 17:35:33 | * WEFiles/Image/Skin-- -- --Folder create
25/01/2014 17:35:33 | * WEFiles/Image/WEImage-- -- --Folder create
25/01/2014 17:35:33 | * Files\Other-- -- --Folder create
25/01/2014 17:35:33 | * Files\Fonts-- -- --Folder create
25/01/2014 17:35:33 | * Backup/.htaccess-- -- --33
25/01/2014 17:35:33 | * Data/.htaccess-- -- --13
25/01/2014 17:35:33 | * WEFiles/Client/Common/oe.min.js-- -- --16311
25/01/2014 17:35:33 | * WEFiles/Client/jQuery/Plugins/jquery.easing.1.3.js-- -- --3233
25/01/2014 17:35:33 | * WEFiles/Client/jQuery/Plugins/jquery.form.js-- -- --26755
25/01/2014 17:35:33 | * WEFiles/Client/jQuery/Plugins/jquery.simplemodal.js-- -- --22338
25/01/2014 17:35:33 | * WEFiles/Client/jQuery/Plugins/jquery.ui.accordion.js-- -- --8874
25/01/2014 17:35:33 | * WEFiles/Client/jQuery/Plugins/jquery.ui.core.js-- -- --19584
25/01/2014 17:35:33 | * WEFiles/Client/jQuery/Plugins/jquery.ui.effects.js-- -- --25240
25/01/2014 17:35:33 | * WEFiles/Client/jQuery/Plugins/jquery.ui.mouse.js-- -- --2876
25/01/2014 17:35:33 | * WEFiles/Client/jQuery/Plugins/jquery.ui.slider.js-- -- --9940
25/01/2014 17:35:33 | * WEFiles/Client/jQuery/Plugins/jquery.ui.widget.js-- -- --3234
25/01/2014 17:35:33 | * WEFiles/Client/jQuery/1.10.2.js-- -- --93107
25/01/2014 17:35:33 | * WEFiles/Client/jQuery/migrate.js-- -- --19479
25/01/2014 17:35:33 | * WEFiles/Client/Json.js-- -- --2766
25/01/2014 17:35:33 | * WEFiles/Client/openElement.js-- -- --9477
25/01/2014 17:35:33 | * WEFiles/Client/openElementUI.js-- -- --3436
25/01/2014 17:35:33 | * WEFiles/Client/VarText.js-- -- --3356
25/01/2014 17:35:33 | * WEFiles/Client/VarText_fr.js-- -- --1740
25/01/2014 17:35:33 | * WEFiles/Client/xxOEDB.js-- -- --1906
25/01/2014 17:35:33 | * WEFiles/Client/xxOEDBClasses.js-- -- --2280
25/01/2014 17:35:33 | * WEFiles/Css/ie7.css-- -- --835
25/01/2014 17:35:33 | * WEFiles/Css/openElement.css-- -- --7394
25/01/2014 17:35:33 | * WEFiles/Image/Code.png-- -- --831
25/01/2014 17:35:33 | * WEFiles/Image/delete.png-- -- --1465
25/01/2014 17:35:33 | * WEFiles/Image/empty.png-- -- --184
25/01/2014 17:35:33 | * WEFiles/Image/information2.png-- -- --3246
25/01/2014 17:35:33 | * WEFiles/Image/loading.gif-- -- --1924
25/01/2014 17:35:33 | * WEFiles/Image/mask.png-- -- --213
25/01/2014 17:35:33 | * WEFiles/Image/ModalBackgound.png-- -- --27145
25/01/2014 17:35:33 | * WEFiles/Image/ModalPopupBlock.png-- -- --268
25/01/2014 17:35:33 | * WEFiles/Image/ServerError.png-- -- --2602
25/01/2014 17:35:33 | * WEFiles/Image/WEW3C.png-- -- --1882
25/01/2014 17:35:33 | * WEFiles/Server/class/class-phpmailer.php-- -- --64846
25/01/2014 17:35:33 | * WEFiles/Server/class/class-smtp.php-- -- --32442
25/01/2014 17:35:33 | * WEFiles/Server/class/JSON.php-- -- --34073
25/01/2014 17:35:33 | * WEFiles/Server/DB/DBTools/OEDataContainers.php-- -- --57969
25/01/2014 17:35:33 | * WEFiles/Server/DB/DBTools/OEDBRequest.php-- -- --36412
25/01/2014 17:35:33 | * WEFiles/Server/DB/DBTools/OEDynUtils.php-- -- --15881
25/01/2014 17:35:33 | * WEFiles/Server/DB/.htaccess-- -- --13
25/01/2014 17:35:33 | * WEFiles/Server/DB/OEDB.php-- -- --28741
25/01/2014 17:35:33 | * WEFiles/Server/DB/OEDBClasses.php-- -- --84478
25/01/2014 17:35:33 | * WEFiles/Server/DB/sqllogin.php-- -- --1479
25/01/2014 17:35:33 | * WEFiles/Server/language/phpmailer.lang-en.php-- -- --1188
25/01/2014 17:35:33 | * WEFiles/Server/language/phpmailer.lang-fr.php-- -- --1297
25/01/2014 17:35:33 | * WEFiles/Server/openElement.php-- -- --17167
25/01/2014 17:35:33 | * WEFiles/Server/VarText.php-- -- --4306
25/01/2014 17:35:33 | * .htaccess-- -- --0
25/01/2014 17:35:33 | * index(var).js-- -- --879
25/01/2014 17:35:33 | * index(var).php-- -- --1646
25/01/2014 17:35:33 | * index.css-- -- --10879
25/01/2014 17:35:33 | * WEFiles/Image/Skin/3814f248.jpg-- -- --223221
25/01/2014 17:35:33 | * WEFiles/Image/WEImage/e31dad83DEFAULT.png-- -- --268
25/01/2014 17:35:33 | * WEFiles/Image/Skin/1abb2eab.jpg-- -- --233753
25/01/2014 17:35:33 | * WEFiles/Image/Skin/2a3f2740.png-- -- --930
25/01/2014 17:35:33 | * WEFiles/Image/Skin/4d302d5a.png-- -- --1164
25/01/2014 17:35:33 | * WEFiles/Image/Skin/1ea4693c.png-- -- --1325
25/01/2014 17:35:33 | * WEFiles/Image/Skin/89ed3aad.png-- -- --1040
25/01/2014 17:35:33 | * WEFiles/Image/Skin/0a04ec30.jpg-- -- --253506
25/01/2014 17:35:33 | * WEFiles/Image/Skin/1a2d3739.png-- -- --90
25/01/2014 17:35:33 | * WEFiles/Image/Skin/5e7a93a0.png-- -- --2093
25/01/2014 17:35:33 | * WEFiles/Image/Skin/27ffe030.png-- -- --1652
25/01/2014 17:35:33 | * WEFiles/Image/Skin/d20caab5.png-- -- --1564
25/01/2014 17:35:33 | * WEFiles/Image/Skin/a2d6e7ec.png-- -- --1978
25/01/2014 17:35:33 | * WEFiles/Image/Skin/a4748c8c.png-- -- --90
25/01/2014 17:35:33 | * WEFiles/Image/Skin/26c70838.png-- -- --193
25/01/2014 17:35:33 | * WEFiles/Image/Skin/58294202.png-- -- --825
25/01/2014 17:35:33 | * WEFiles/Image/Skin/cbb1ae94.png-- -- --193
25/01/2014 17:35:33 | * WEFiles/Image/Skin/966687aa.png-- -- --825
25/01/2014 17:35:33 | * WEFiles/Server/WESendMail-v2.php-- -- --9850
25/01/2014 17:35:33 | * WEFiles/Client/WESendMail-v2.js-- -- --10092
25/01/2014 17:35:33 | * WEFiles/Image/Skin/e1defe9e.png-- -- --554
25/01/2014 17:35:33 | * WEFiles/Image/Skin/f72ffa6d.png-- -- --348
25/01/2014 17:35:33 | * WEFiles/Image/Skin/0db815a6.png-- -- --348
25/01/2014 17:35:33 | * WEFiles/Image/Flag_DEFAULT.png-- -- --782
25/01/2014 17:35:33 | * WEFiles/Image/Flag_FR.png-- -- --771
25/01/2014 17:35:33 | * WEFiles/Image/Skin/23baf6c8.png-- -- --520
25/01/2014 17:35:33 | * WEFiles/Image/Skin/962e1fc1.png-- -- --477
25/01/2014 17:35:33 | * WEFiles/Image/Skin/f4da6582.png-- -- --229
25/01/2014 17:35:33 | * WEFiles/Image/Skin/00bff3bd.png-- -- --223
25/01/2014 17:35:33 | * WEFiles/Image/Skin/c92e726e.png-- -- --230
25/01/2014 17:35:33 | * WEFiles/Image/Skin/1ccc25ab.png-- -- --266
25/01/2014 17:35:33 | * WEFiles/Image/Skin/dc555665.png-- -- --1363
25/01/2014 17:35:33 | * WEFiles/Image/Skin/ebc9774e.png-- -- --1600
25/01/2014 17:35:33 | * index.fr.htm-- -- --50402
25/01/2014 17:35:33 | * index.htm-- -- --51085
25/01/2014 17:35:33 | * robots.txt-- -- --56
25/01/2014 17:35:33 | * SAMPLE(var).php-- -- --314
25/01/2014 17:35:33 | * SAMPLE.css-- -- --13447
25/01/2014 17:35:33 | * Files/Image/icone-demo.png-- -- --16324
25/01/2014 17:35:33 | * WEFiles/Image/Skin/f43c7602.png-- -- --90
25/01/2014 17:35:33 | * WEFiles/Image/Skin/fd65299b.jpg-- -- --9952
25/01/2014 17:35:33 | * WEFiles/Image/Skin/d948ce83.png-- -- --90
25/01/2014 17:35:33 | * WEFiles/Image/Skin/88cbd4d4.png-- -- --90
25/01/2014 17:35:33 | * WEFiles/Image/Skin/ac543dc2.png-- -- --90
25/01/2014 17:35:33 | * WEFiles/Image/Skin/deb8b244.png-- -- --90
25/01/2014 17:35:33 | * WEFiles/Image/Skin/ab4ef622.jpg-- -- --9952
25/01/2014 17:35:33 | * WEFiles/Image/Skin/23fa532d.jpg-- -- --9952
25/01/2014 17:35:33 | * SAMPLE.fr.htm-- -- --50480
25/01/2014 17:35:33 | * SAMPLE.htm-- -- --51397
25/01/2014 17:35:33 | * sitemap.xml-- -- --1823
25/01/2014 17:35:33 | * Files/Fonts/Domestic Manners.eot-- -- --61388
25/01/2014 17:35:33 | * Files/Fonts/Domestic Manners.ttf-- -- --61128
25/01/2014 17:35:33 | * Files/Fonts/Domestic Manners.woff-- -- --34672
25/01/2014 17:35:33 | * Files/Fonts/Fonts.css-- -- --1500
25/01/2014 17:35:33 | * Files/Fonts/GeosansLight.eot-- -- --60242
25/01/2014 17:35:33 | * Files/Fonts/GeosansLight.ttf-- -- --60072
25/01/2014 17:35:33 | * Files/Fonts/GeosansLight.woff-- -- --32304
25/01/2014 17:35:33 | * Files/Fonts/Open Sans Light.eot-- -- --42150
25/01/2014 17:35:33 | * Files/Fonts/Open Sans Light.ttf-- -- --41936
25/01/2014 17:35:33 | * Files/Fonts/Open Sans Light.woff-- -- --22868
25/01/2014 17:35:33 | * Files/Fonts/Open Sans.eot-- -- --42790
25/01/2014 17:35:33 | * Files/Fonts/Open Sans.ttf-- -- --42600
25/01/2014 17:35:33 | * Files/Fonts/Open Sans.woff-- -- --23520
25/01/2014 17:35:33 | * Templates/Base_MenuRetractable.css-- -- --6465
25/01/2014 17:35:33 | * Templates/Base_Scripts.css-- -- --600
25/01/2014 17:35:35 | 
25/01/2014 17:35:35 | 
--------------------------------Phase 1 Terminé--------------------------------
25/01/2014 17:35:35 | 

25/01/2014 18:20:12 | Debut Mise en ligne complete (Site):
25/01/2014 18:20:14 | Listing terminé :
25/01/2014 18:20:14 | 

25/01/2014 18:20:14 | * Files/Fonts-- -- --Folder create
25/01/2014 18:20:14 | * WEFiles-- -- --Folder create
25/01/2014 18:20:14 | * WEFiles/Xml-- -- --Folder create
25/01/2014 18:20:14 | * WEFiles/Server-- -- --Folder create
25/01/2014 18:20:14 | * WEFiles/Server/language-- -- --Folder create
25/01/2014 18:20:14 | * WEFiles/Server/DB-- -- --Folder create
25/01/2014 18:20:14 | * WEFiles/Server/DB/DBTools-- -- --Folder create
25/01/2014 18:20:14 | * WEFiles/Server/class-- -- --Folder create
25/01/2014 18:20:14 | * WEFiles/Other-- -- --Folder create
25/01/2014 18:20:14 | * WEFiles/Image-- -- --Folder create
25/01/2014 18:20:14 | * WEFiles/Font-- -- --Folder create
25/01/2014 18:20:14 | * WEFiles/EG-- -- --Folder create
25/01/2014 18:20:14 | * WEFiles/Css-- -- --Folder create
25/01/2014 18:20:14 | * WEFiles/Client-- -- --Folder create
25/01/2014 18:20:14 | * WEFiles/Client/jQuery-- -- --Folder create
25/01/2014 18:20:14 | * WEFiles/Client/jQuery/Plugins-- -- --Folder create
25/01/2014 18:20:14 | * WEFiles/Client/Common-- -- --Folder create
25/01/2014 18:20:14 | * Templates-- -- --Folder create
25/01/2014 18:20:14 | * Files-- -- --Folder create
25/01/2014 18:20:14 | * Files/Video-- -- --Folder create
25/01/2014 18:20:14 | * Files/Other-- -- --Folder create
25/01/2014 18:20:14 | * Files/Media-- -- --Folder create
25/01/2014 18:20:14 | * Files/Image-- -- --Folder create
25/01/2014 18:20:14 | * Files/Fonts-- -- --Folder create
25/01/2014 18:20:14 | * Files/Flash-- -- --Folder create
25/01/2014 18:20:14 | * Files/Audio-- -- --Folder create
25/01/2014 18:20:14 | * Data-- -- --Folder create
25/01/2014 18:20:14 | * Backup-- -- --Folder create
25/01/2014 18:20:14 | * Common-- -- --Folder create
25/01/2014 18:20:14 | * WEFiles/Image/Skin-- -- --Folder create
25/01/2014 18:20:14 | * WEFiles/Image/WEImage-- -- --Folder create
25/01/2014 18:20:14 | * Files\Other-- -- --Folder create
25/01/2014 18:20:14 | * Files\Fonts-- -- --Folder create
25/01/2014 18:20:14 | * Backup/.htaccess-- -- --33
25/01/2014 18:20:14 | * Data/.htaccess-- -- --13
25/01/2014 18:20:14 | * WEFiles/Client/Common/oe.min.js-- -- --16311
25/01/2014 18:20:14 | * WEFiles/Client/jQuery/Plugins/jquery.easing.1.3.js-- -- --3233
25/01/2014 18:20:14 | * WEFiles/Client/jQuery/Plugins/jquery.form.js-- -- --26755
25/01/2014 18:20:14 | * WEFiles/Client/jQuery/Plugins/jquery.simplemodal.js-- -- --22338
25/01/2014 18:20:14 | * WEFiles/Client/jQuery/Plugins/jquery.ui.accordion.js-- -- --8874
25/01/2014 18:20:14 | * WEFiles/Client/jQuery/Plugins/jquery.ui.core.js-- -- --19584
25/01/2014 18:20:14 | * WEFiles/Client/jQuery/Plugins/jquery.ui.effects.js-- -- --25240
25/01/2014 18:20:14 | * WEFiles/Client/jQuery/Plugins/jquery.ui.mouse.js-- -- --2876
25/01/2014 18:20:14 | * WEFiles/Client/jQuery/Plugins/jquery.ui.slider.js-- -- --9940
25/01/2014 18:20:14 | * WEFiles/Client/jQuery/Plugins/jquery.ui.widget.js-- -- --3234
25/01/2014 18:20:14 | * WEFiles/Client/jQuery/1.10.2.js-- -- --93107
25/01/2014 18:20:14 | * WEFiles/Client/jQuery/migrate.js-- -- --19479
25/01/2014 18:20:14 | * WEFiles/Client/Json.js-- -- --2766
25/01/2014 18:20:14 | * WEFiles/Client/openElement.js-- -- --9477
25/01/2014 18:20:14 | * WEFiles/Client/openElementUI.js-- -- --3436
25/01/2014 18:20:14 | * WEFiles/Client/VarText.js-- -- --3356
25/01/2014 18:20:14 | * WEFiles/Client/VarText_fr.js-- -- --1740
25/01/2014 18:20:14 | * WEFiles/Client/xxOEDB.js-- -- --1906
25/01/2014 18:20:14 | * WEFiles/Client/xxOEDBClasses.js-- -- --2280
25/01/2014 18:20:14 | * WEFiles/Css/ie7.css-- -- --835
25/01/2014 18:20:14 | * WEFiles/Css/openElement.css-- -- --7394
25/01/2014 18:20:14 | * WEFiles/Image/Code.png-- -- --831
25/01/2014 18:20:14 | * WEFiles/Image/delete.png-- -- --1465
25/01/2014 18:20:14 | * WEFiles/Image/empty.png-- -- --184
25/01/2014 18:20:14 | * WEFiles/Image/information2.png-- -- --3246
25/01/2014 18:20:14 | * WEFiles/Image/loading.gif-- -- --1924
25/01/2014 18:20:14 | * WEFiles/Image/mask.png-- -- --213
25/01/2014 18:20:14 | * WEFiles/Image/ModalBackgound.png-- -- --27145
25/01/2014 18:20:14 | * WEFiles/Image/ModalPopupBlock.png-- -- --268
25/01/2014 18:20:14 | * WEFiles/Image/ServerError.png-- -- --2602
25/01/2014 18:20:14 | * WEFiles/Image/WEW3C.png-- -- --1882
25/01/2014 18:20:14 | * WEFiles/Server/class/class-phpmailer.php-- -- --64846
25/01/2014 18:20:14 | * WEFiles/Server/class/class-smtp.php-- -- --32442
25/01/2014 18:20:14 | * WEFiles/Server/class/JSON.php-- -- --34073
25/01/2014 18:20:14 | * WEFiles/Server/DB/DBTools/OEDataContainers.php-- -- --57969
25/01/2014 18:20:14 | * WEFiles/Server/DB/DBTools/OEDBRequest.php-- -- --36412
25/01/2014 18:20:14 | * WEFiles/Server/DB/DBTools/OEDynUtils.php-- -- --15881
25/01/2014 18:20:14 | * WEFiles/Server/DB/.htaccess-- -- --13
25/01/2014 18:20:14 | * WEFiles/Server/DB/OEDB.php-- -- --28741
25/01/2014 18:20:14 | * WEFiles/Server/DB/OEDBClasses.php-- -- --84478
25/01/2014 18:20:14 | * WEFiles/Server/DB/sqllogin.php-- -- --1479
25/01/2014 18:20:14 | * WEFiles/Server/language/phpmailer.lang-en.php-- -- --1188
25/01/2014 18:20:14 | * WEFiles/Server/language/phpmailer.lang-fr.php-- -- --1297
25/01/2014 18:20:14 | * WEFiles/Server/openElement.php-- -- --17167
25/01/2014 18:20:14 | * WEFiles/Server/VarText.php-- -- --4306
25/01/2014 18:20:14 | * .htaccess-- -- --0
25/01/2014 18:20:14 | * index(var).js-- -- --879
25/01/2014 18:20:14 | * index(var).php-- -- --1646
25/01/2014 18:20:14 | * index.css-- -- --10879
25/01/2014 18:20:14 | * WEFiles/Image/Skin/3814f248.jpg-- -- --223221
25/01/2014 18:20:14 | * WEFiles/Image/WEImage/e31dad83DEFAULT.png-- -- --268
25/01/2014 18:20:14 | * WEFiles/Image/Skin/1abb2eab.jpg-- -- --233753
25/01/2014 18:20:14 | * WEFiles/Image/Skin/2a3f2740.png-- -- --930
25/01/2014 18:20:14 | * WEFiles/Image/Skin/4d302d5a.png-- -- --1164
25/01/2014 18:20:14 | * WEFiles/Image/Skin/1ea4693c.png-- -- --1325
25/01/2014 18:20:14 | * WEFiles/Image/Skin/89ed3aad.png-- -- --1040
25/01/2014 18:20:14 | * WEFiles/Image/Skin/0a04ec30.jpg-- -- --253506
25/01/2014 18:20:14 | * WEFiles/Image/Skin/1a2d3739.png-- -- --90
25/01/2014 18:20:14 | * WEFiles/Image/Skin/5e7a93a0.png-- -- --2093
25/01/2014 18:20:14 | * WEFiles/Image/Skin/27ffe030.png-- -- --1652
25/01/2014 18:20:14 | * WEFiles/Image/Skin/d20caab5.png-- -- --1564
25/01/2014 18:20:14 | * WEFiles/Image/Skin/a2d6e7ec.png-- -- --1978
25/01/2014 18:20:14 | * WEFiles/Image/Skin/a4748c8c.png-- -- --90
25/01/2014 18:20:14 | * WEFiles/Image/Skin/26c70838.png-- -- --193
25/01/2014 18:20:14 | * WEFiles/Image/Skin/58294202.png-- -- --825
25/01/2014 18:20:14 | * WEFiles/Image/Skin/cbb1ae94.png-- -- --193
25/01/2014 18:20:14 | * WEFiles/Image/Skin/966687aa.png-- -- --825
25/01/2014 18:20:14 | * WEFiles/Server/WESendMail-v2.php-- -- --9850
25/01/2014 18:20:14 | * WEFiles/Client/WESendMail-v2.js-- -- --10092
25/01/2014 18:20:14 | * WEFiles/Image/Skin/e1defe9e.png-- -- --554
25/01/2014 18:20:14 | * WEFiles/Image/Skin/f72ffa6d.png-- -- --348
25/01/2014 18:20:14 | * WEFiles/Image/Skin/0db815a6.png-- -- --348
25/01/2014 18:20:14 | * WEFiles/Image/Flag_DEFAULT.png-- -- --782
25/01/2014 18:20:14 | * WEFiles/Image/Flag_FR.png-- -- --771
25/01/2014 18:20:14 | * WEFiles/Image/Skin/23baf6c8.png-- -- --520
25/01/2014 18:20:14 | * WEFiles/Image/Skin/962e1fc1.png-- -- --477
25/01/2014 18:20:14 | * WEFiles/Image/Skin/f4da6582.png-- -- --229
25/01/2014 18:20:14 | * WEFiles/Image/Skin/00bff3bd.png-- -- --223
25/01/2014 18:20:14 | * WEFiles/Image/Skin/c92e726e.png-- -- --230
25/01/2014 18:20:14 | * WEFiles/Image/Skin/1ccc25ab.png-- -- --266
25/01/2014 18:20:14 | * WEFiles/Image/Skin/dc555665.png-- -- --1363
25/01/2014 18:20:14 | * WEFiles/Image/Skin/ebc9774e.png-- -- --1600
25/01/2014 18:20:14 | * index.fr.htm-- -- --50402
25/01/2014 18:20:14 | * index.htm-- -- --51090
25/01/2014 18:20:14 | * robots.txt-- -- --56
25/01/2014 18:20:14 | * SAMPLE(var).php-- -- --314
25/01/2014 18:20:14 | * SAMPLE.css-- -- --13447
25/01/2014 18:20:14 | * Files/Image/icone-demo.png-- -- --16324
25/01/2014 18:20:14 | * WEFiles/Image/Skin/f43c7602.png-- -- --90
25/01/2014 18:20:14 | * WEFiles/Image/Skin/fd65299b.jpg-- -- --9952
25/01/2014 18:20:14 | * WEFiles/Image/Skin/d948ce83.png-- -- --90
25/01/2014 18:20:14 | * WEFiles/Image/Skin/88cbd4d4.png-- -- --90
25/01/2014 18:20:14 | * WEFiles/Image/Skin/ac543dc2.png-- -- --90
25/01/2014 18:20:14 | * WEFiles/Image/Skin/deb8b244.png-- -- --90
25/01/2014 18:20:14 | * WEFiles/Image/Skin/ab4ef622.jpg-- -- --9952
25/01/2014 18:20:15 | * WEFiles/Image/Skin/23fa532d.jpg-- -- --9952
25/01/2014 18:20:15 | * SAMPLE.fr.htm-- -- --50480
25/01/2014 18:20:15 | * SAMPLE.htm-- -- --51397
25/01/2014 18:20:15 | * sitemap.xml-- -- --1823
25/01/2014 18:20:15 | * Files/Fonts/Domestic Manners.eot-- -- --61388
25/01/2014 18:20:15 | * Files/Fonts/Domestic Manners.ttf-- -- --61128
25/01/2014 18:20:15 | * Files/Fonts/Domestic Manners.woff-- -- --34672
25/01/2014 18:20:15 | * Files/Fonts/Fonts.css-- -- --1500
25/01/2014 18:20:15 | * Files/Fonts/GeosansLight.eot-- -- --60242
25/01/2014 18:20:15 | * Files/Fonts/GeosansLight.ttf-- -- --60072
25/01/2014 18:20:15 | * Files/Fonts/GeosansLight.woff-- -- --32304
25/01/2014 18:20:15 | * Files/Fonts/Open Sans Light.eot-- -- --42150
25/01/2014 18:20:15 | * Files/Fonts/Open Sans Light.ttf-- -- --41936
25/01/2014 18:20:15 | * Files/Fonts/Open Sans Light.woff-- -- --22868
25/01/2014 18:20:15 | * Files/Fonts/Open Sans.eot-- -- --42790
25/01/2014 18:20:15 | * Files/Fonts/Open Sans.ttf-- -- --42600
25/01/2014 18:20:15 | * Files/Fonts/Open Sans.woff-- -- --23520
25/01/2014 18:20:15 | * Templates/Base_MenuRetractable.css-- -- --6465
25/01/2014 18:20:15 | * Templates/Base_Scripts.css-- -- --600
25/01/2014 18:20:17 | 
25/01/2014 18:20:17 | 
--------------------------------Phase 1 Terminé--------------------------------
25/01/2014 18:20:17 | 

