06/12/2013 10:03:05 | Debut Mise en ligne complete (Site):
06/12/2013 10:03:07 | Listing terminé :
06/12/2013 10:03:07 | 

06/12/2013 10:03:07 | * Files/Fonts-- -- --Folder create
06/12/2013 10:03:07 | * WEFiles-- -- --Folder create
06/12/2013 10:03:07 | * WEFiles/Xml-- -- --Folder create
06/12/2013 10:03:07 | * WEFiles/Server-- -- --Folder create
06/12/2013 10:03:07 | * WEFiles/Server/language-- -- --Folder create
06/12/2013 10:03:07 | * WEFiles/Server/DB-- -- --Folder create
06/12/2013 10:03:07 | * WEFiles/Server/DB/DBTools-- -- --Folder create
06/12/2013 10:03:07 | * WEFiles/Server/DB/dbadmin-- -- --Folder create
06/12/2013 10:03:07 | * WEFiles/Server/class-- -- --Folder create
06/12/2013 10:03:07 | * WEFiles/Other-- -- --Folder create
06/12/2013 10:03:07 | * WEFiles/Image-- -- --Folder create
06/12/2013 10:03:07 | * WEFiles/Image/Skin-- -- --Folder create
06/12/2013 10:03:07 | * WEFiles/Font-- -- --Folder create
06/12/2013 10:03:07 | * WEFiles/EG-- -- --Folder create
06/12/2013 10:03:07 | * WEFiles/Css-- -- --Folder create
06/12/2013 10:03:07 | * WEFiles/Client-- -- --Folder create
06/12/2013 10:03:07 | * WEFiles/Client/jQuery-- -- --Folder create
06/12/2013 10:03:07 | * WEFiles/Client/jQuery/Plugins-- -- --Folder create
06/12/2013 10:03:07 | * WEFiles/Client/Common-- -- --Folder create
06/12/2013 10:03:07 | * Templates-- -- --Folder create
06/12/2013 10:03:07 | * Files-- -- --Folder create
06/12/2013 10:03:07 | * Files/Video-- -- --Folder create
06/12/2013 10:03:07 | * Files/Other-- -- --Folder create
06/12/2013 10:03:07 | * Files/Media-- -- --Folder create
06/12/2013 10:03:07 | * Files/Image-- -- --Folder create
06/12/2013 10:03:07 | * Files/Fonts-- -- --Folder create
06/12/2013 10:03:07 | * Files/Flash-- -- --Folder create
06/12/2013 10:03:07 | * Files/Audio-- -- --Folder create
06/12/2013 10:03:07 | * Elements-- -- --Folder create
06/12/2013 10:03:07 | * Data-- -- --Folder create
06/12/2013 10:03:07 | * Backup-- -- --Folder create
06/12/2013 10:03:07 | * Common-- -- --Folder create
06/12/2013 10:03:07 | * WEFiles/Image/WEImage-- -- --Folder create
06/12/2013 10:03:07 | * Files\Other-- -- --Folder create
06/12/2013 10:03:07 | * Files\Fonts-- -- --Folder create
06/12/2013 10:03:07 | * Backup/.htaccess-- -- --33
06/12/2013 10:03:07 | * Data/.htaccess-- -- --13
06/12/2013 10:03:07 | * WEFiles/Client/Common/oe.min.js-- -- --16067
06/12/2013 10:03:07 | * WEFiles/Client/jQuery/Plugins/jquery.easing.1.3.js-- -- --3233
06/12/2013 10:03:07 | * WEFiles/Client/jQuery/Plugins/jquery.form.js-- -- --11659
06/12/2013 10:03:07 | * WEFiles/Client/jQuery/Plugins/jquery.simplemodal.js-- -- --8558
06/12/2013 10:03:07 | * WEFiles/Client/jQuery/Plugins/jquery.ui.accordion.js-- -- --8874
06/12/2013 10:03:07 | * WEFiles/Client/jQuery/Plugins/jquery.ui.core.js-- -- --13484
06/12/2013 10:03:07 | * WEFiles/Client/jQuery/Plugins/jquery.ui.mouse.js-- -- --2876
06/12/2013 10:03:07 | * WEFiles/Client/jQuery/Plugins/jquery.ui.slider.js-- -- --9940
06/12/2013 10:03:07 | * WEFiles/Client/jQuery/Plugins/jquery.ui.widget.js-- -- --3234
06/12/2013 10:03:07 | * WEFiles/Client/jQuery/1.10.2.js-- -- --93107
06/12/2013 10:03:07 | * WEFiles/Client/jQuery/1.7.1.js-- -- --93873
06/12/2013 10:03:07 | * WEFiles/Client/Json.js-- -- --2766
06/12/2013 10:03:07 | * WEFiles/Client/OEDB.js-- -- --1856
06/12/2013 10:03:07 | * WEFiles/Client/OEDBClasses.js-- -- --2280
06/12/2013 10:03:07 | * WEFiles/Client/openElement.js-- -- --9477
06/12/2013 10:03:07 | * WEFiles/Client/openElementUI.js-- -- --1359
06/12/2013 10:03:07 | * WEFiles/Client/VarText.js-- -- --3356
06/12/2013 10:03:07 | * WEFiles/Client/VarText_fr.js-- -- --1740
06/12/2013 10:03:07 | * WEFiles/Client/xxOEDB.js-- -- --1906
06/12/2013 10:03:07 | * WEFiles/Client/xxOEDBClasses.js-- -- --2280
06/12/2013 10:03:07 | * WEFiles/Css/ie7.css-- -- --835
06/12/2013 10:03:07 | * WEFiles/Css/openElement.css-- -- --3743
06/12/2013 10:03:07 | * WEFiles/Image/Code.png-- -- --831
06/12/2013 10:03:07 | * WEFiles/Image/delete.png-- -- --1465
06/12/2013 10:03:07 | * WEFiles/Image/empty.png-- -- --184
06/12/2013 10:03:07 | * WEFiles/Image/information2.png-- -- --3246
06/12/2013 10:03:07 | * WEFiles/Image/loading.gif-- -- --1924
06/12/2013 10:03:07 | * WEFiles/Image/mask.png-- -- --213
06/12/2013 10:03:07 | * WEFiles/Image/ModalBackgound.png-- -- --27145
06/12/2013 10:03:07 | * WEFiles/Image/ModalPopupBlock.png-- -- --268
06/12/2013 10:03:07 | * WEFiles/Image/ServerError.png-- -- --2602
06/12/2013 10:03:07 | * WEFiles/Image/WEW3C.png-- -- --1882
06/12/2013 10:03:07 | * WEFiles/Server/class/class-phpmailer.php-- -- --64846
06/12/2013 10:03:07 | * WEFiles/Server/class/class-smtp.php-- -- --32442
06/12/2013 10:03:07 | * WEFiles/Server/class/JSON.php-- -- --34073
06/12/2013 10:03:07 | * WEFiles/Server/DB/dbadmin/phpliteadmin.config.php-- -- --2809
06/12/2013 10:03:07 | * WEFiles/Server/DB/dbadmin/phpliteadmin.php-- -- --211157
06/12/2013 10:03:07 | * WEFiles/Server/DB/DBTools/OEDataContainers.php-- -- --57969
06/12/2013 10:03:07 | * WEFiles/Server/DB/DBTools/OEDBRequest.php-- -- --36412
06/12/2013 10:03:07 | * WEFiles/Server/DB/DBTools/OEDynUtils.php-- -- --15750
06/12/2013 10:03:07 | * WEFiles/Server/DB/.htaccess-- -- --13
06/12/2013 10:03:07 | * WEFiles/Server/DB/OEDB.php-- -- --28741
06/12/2013 10:03:07 | * WEFiles/Server/DB/OEDBClasses.php-- -- --84478
06/12/2013 10:03:07 | * WEFiles/Server/DB/sqllogin.php-- -- --1479
06/12/2013 10:03:07 | * WEFiles/Server/language/phpmailer.lang-en.php-- -- --1188
06/12/2013 10:03:07 | * WEFiles/Server/language/phpmailer.lang-fr.php-- -- --1297
06/12/2013 10:03:07 | * WEFiles/Server/openElement.php-- -- --17167
06/12/2013 10:03:07 | * WEFiles/Server/VarText.php-- -- --4306
06/12/2013 10:03:07 | * .htaccess-- -- --0
06/12/2013 10:03:07 | * index(var).js-- -- --751
06/12/2013 10:03:07 | * index(var).php-- -- --1528
06/12/2013 10:03:07 | * index.css-- -- --9665
06/12/2013 10:03:07 | * WEFiles/Image/Skin/3814f248.jpg-- -- --223221
06/12/2013 10:03:07 | * WEFiles/Image/WEImage/e31dad83DEFAULT.png-- -- --268
06/12/2013 10:03:07 | * WEFiles/Image/Skin/1abb2eab.jpg-- -- --233753
06/12/2013 10:03:07 | * WEFiles/Image/Skin/2a3f2740.png-- -- --930
06/12/2013 10:03:07 | * WEFiles/Image/Skin/4d302d5a.png-- -- --1164
06/12/2013 10:03:07 | * WEFiles/Image/Skin/1ea4693c.png-- -- --1325
06/12/2013 10:03:07 | * WEFiles/Image/Skin/89ed3aad.png-- -- --1040
06/12/2013 10:03:07 | * WEFiles/Image/Skin/0a04ec30.jpg-- -- --253506
06/12/2013 10:03:07 | * WEFiles/Image/Skin/1a2d3739.png-- -- --90
06/12/2013 10:03:07 | * WEFiles/Image/Skin/5e7a93a0.png-- -- --2093
06/12/2013 10:03:07 | * WEFiles/Image/Skin/27ffe030.png-- -- --1652
06/12/2013 10:03:07 | * WEFiles/Image/Skin/d20caab5.png-- -- --1564
06/12/2013 10:03:07 | * WEFiles/Image/Skin/a2d6e7ec.png-- -- --1978
06/12/2013 10:03:07 | * WEFiles/Image/Skin/a4748c8c.png-- -- --90
06/12/2013 10:03:07 | * WEFiles/Image/Skin/26c70838.png-- -- --193
06/12/2013 10:03:07 | * WEFiles/Image/Skin/58294202.png-- -- --825
06/12/2013 10:03:07 | * WEFiles/Image/Skin/cbb1ae94.png-- -- --193
06/12/2013 10:03:07 | * WEFiles/Image/Skin/966687aa.png-- -- --825
06/12/2013 10:03:07 | * WEFiles/Server/WESendMail_v1-43-0.php-- -- --9850
06/12/2013 10:03:07 | * WEFiles/Client/WESendMail_v1-43-0.js-- -- --3927
06/12/2013 10:03:07 | * WEFiles/Image/Skin/e1defe9e.png-- -- --554
06/12/2013 10:03:07 | * WEFiles/Image/Skin/f72ffa6d.png-- -- --348
06/12/2013 10:03:07 | * WEFiles/Image/Skin/0db815a6.png-- -- --348
06/12/2013 10:03:07 | * WEFiles/Image/Flag_DEFAULT.png-- -- --782
06/12/2013 10:03:07 | * WEFiles/Image/Flag_FR.png-- -- --771
06/12/2013 10:03:07 | * WEFiles/Image/Skin/23baf6c8.png-- -- --520
06/12/2013 10:03:07 | * WEFiles/Image/Skin/962e1fc1.png-- -- --477
06/12/2013 10:03:07 | * WEFiles/Image/Skin/f4da6582.png-- -- --229
06/12/2013 10:03:07 | * WEFiles/Image/Skin/00bff3bd.png-- -- --223
06/12/2013 10:03:07 | * WEFiles/Image/Skin/c92e726e.png-- -- --230
06/12/2013 10:03:07 | * WEFiles/Image/Skin/1ccc25ab.png-- -- --266
06/12/2013 10:03:07 | * WEFiles/Image/Skin/dc555665.png-- -- --1363
06/12/2013 10:03:08 | * WEFiles/Image/Skin/ebc9774e.png-- -- --1600
06/12/2013 10:03:08 | * index.fr.htm-- -- --48962
06/12/2013 10:03:08 | * index.htm-- -- --48928
06/12/2013 10:03:08 | * robots.txt-- -- --56
06/12/2013 10:03:08 | * SAMPLE.css-- -- --7936
06/12/2013 10:03:08 | * WEFiles/Image/Skin/f43c7602.png-- -- --90
06/12/2013 10:03:08 | * WEFiles/Image/Skin/e0271904.jpg-- -- --223170
06/12/2013 10:03:08 | * Files/Image/icone-demo.png-- -- --16324
06/12/2013 10:03:08 | * WEFiles/Image/Skin/d948ce83.png-- -- --90
06/12/2013 10:03:08 | * WEFiles/Image/Skin/88cbd4d4.png-- -- --90
06/12/2013 10:03:08 | * WEFiles/Image/Skin/ac543dc2.png-- -- --90
06/12/2013 10:03:08 | * WEFiles/Image/Skin/deb8b244.png-- -- --90
06/12/2013 10:03:08 | * SAMPLE.fr.htm-- -- --37058
06/12/2013 10:03:08 | * SAMPLE.htm-- -- --36907
06/12/2013 10:03:08 | * sitemap.xml-- -- --1823
06/12/2013 10:03:08 | * Files/Fonts/Domestic Manners.eot-- -- --61388
06/12/2013 10:03:08 | * Files/Fonts/Domestic Manners.ttf-- -- --61128
06/12/2013 10:03:08 | * Files/Fonts/Domestic Manners.woff-- -- --34672
06/12/2013 10:03:08 | * Files/Fonts/Fonts.css-- -- --1500
06/12/2013 10:03:08 | * Files/Fonts/GeosansLight.eot-- -- --60242
06/12/2013 10:03:08 | * Files/Fonts/GeosansLight.ttf-- -- --60072
06/12/2013 10:03:08 | * Files/Fonts/GeosansLight.woff-- -- --32304
06/12/2013 10:03:08 | * Files/Fonts/Open Sans Light.eot-- -- --42150
06/12/2013 10:03:08 | * Files/Fonts/Open Sans Light.ttf-- -- --41936
06/12/2013 10:03:08 | * Files/Fonts/Open Sans Light.woff-- -- --22868
06/12/2013 10:03:08 | * Files/Fonts/Open Sans.eot-- -- --42790
06/12/2013 10:03:08 | * Files/Fonts/Open Sans.ttf-- -- --42600
06/12/2013 10:03:08 | * Files/Fonts/Open Sans.woff-- -- --23520
06/12/2013 10:03:08 | * Templates/Base_MenuRetractable.css-- -- --5756
06/12/2013 10:03:08 | * Templates/Base_Scripts.css-- -- --582
06/12/2013 10:03:11 | 
06/12/2013 10:03:11 | 
--------------------------------Phase 1 Terminé--------------------------------
06/12/2013 10:03:11 | 

10/12/2013 17:48:50 | Debut Mise en ligne complete (Site):
10/12/2013 17:48:54 | Listing terminé :
10/12/2013 17:48:54 | 

10/12/2013 17:48:54 | * Files/Fonts-- -- --Folder create
10/12/2013 17:48:54 | * WEFiles-- -- --Folder create
10/12/2013 17:48:54 | * WEFiles/Xml-- -- --Folder create
10/12/2013 17:48:54 | * WEFiles/Server-- -- --Folder create
10/12/2013 17:48:54 | * WEFiles/Server/language-- -- --Folder create
10/12/2013 17:48:54 | * WEFiles/Server/DB-- -- --Folder create
10/12/2013 17:48:54 | * WEFiles/Server/DB/DBTools-- -- --Folder create
10/12/2013 17:48:54 | * WEFiles/Server/DB/dbadmin-- -- --Folder create
10/12/2013 17:48:54 | * WEFiles/Server/class-- -- --Folder create
10/12/2013 17:48:54 | * WEFiles/Other-- -- --Folder create
10/12/2013 17:48:54 | * WEFiles/Image-- -- --Folder create
10/12/2013 17:48:54 | * WEFiles/Image/Skin-- -- --Folder create
10/12/2013 17:48:54 | * WEFiles/Font-- -- --Folder create
10/12/2013 17:48:54 | * WEFiles/EG-- -- --Folder create
10/12/2013 17:48:54 | * WEFiles/Css-- -- --Folder create
10/12/2013 17:48:54 | * WEFiles/Client-- -- --Folder create
10/12/2013 17:48:54 | * WEFiles/Client/jQuery-- -- --Folder create
10/12/2013 17:48:54 | * WEFiles/Client/jQuery/Plugins-- -- --Folder create
10/12/2013 17:48:54 | * WEFiles/Client/Common-- -- --Folder create
10/12/2013 17:48:54 | * Templates-- -- --Folder create
10/12/2013 17:48:54 | * Files-- -- --Folder create
10/12/2013 17:48:54 | * Files/Video-- -- --Folder create
10/12/2013 17:48:54 | * Files/Other-- -- --Folder create
10/12/2013 17:48:54 | * Files/Media-- -- --Folder create
10/12/2013 17:48:54 | * Files/Image-- -- --Folder create
10/12/2013 17:48:54 | * Files/Fonts-- -- --Folder create
10/12/2013 17:48:54 | * Files/Flash-- -- --Folder create
10/12/2013 17:48:54 | * Files/Audio-- -- --Folder create
10/12/2013 17:48:54 | * Elements-- -- --Folder create
10/12/2013 17:48:54 | * Data-- -- --Folder create
10/12/2013 17:48:54 | * Backup-- -- --Folder create
10/12/2013 17:48:54 | * Common-- -- --Folder create
10/12/2013 17:48:54 | * WEFiles/Image/WEImage-- -- --Folder create
10/12/2013 17:48:54 | * Files\Other-- -- --Folder create
10/12/2013 17:48:54 | * Files\Fonts-- -- --Folder create
10/12/2013 17:48:54 | * Backup/.htaccess-- -- --33
10/12/2013 17:48:54 | * Data/.htaccess-- -- --13
10/12/2013 17:48:54 | * WEFiles/Client/Common/oe.min.js-- -- --16067
10/12/2013 17:48:54 | * WEFiles/Client/jQuery/Plugins/jquery.easing.1.3.js-- -- --3233
10/12/2013 17:48:54 | * WEFiles/Client/jQuery/Plugins/jquery.form.js-- -- --11659
10/12/2013 17:48:54 | * WEFiles/Client/jQuery/Plugins/jquery.simplemodal.js-- -- --8558
10/12/2013 17:48:54 | * WEFiles/Client/jQuery/Plugins/jquery.ui.accordion.js-- -- --8874
10/12/2013 17:48:54 | * WEFiles/Client/jQuery/Plugins/jquery.ui.core.js-- -- --13484
10/12/2013 17:48:54 | * WEFiles/Client/jQuery/Plugins/jquery.ui.mouse.js-- -- --2876
10/12/2013 17:48:54 | * WEFiles/Client/jQuery/Plugins/jquery.ui.slider.js-- -- --9940
10/12/2013 17:48:54 | * WEFiles/Client/jQuery/Plugins/jquery.ui.widget.js-- -- --3234
10/12/2013 17:48:54 | * WEFiles/Client/jQuery/1.10.2.js-- -- --93107
10/12/2013 17:48:54 | * WEFiles/Client/jQuery/1.7.1.js-- -- --93873
10/12/2013 17:48:54 | * WEFiles/Client/Json.js-- -- --2766
10/12/2013 17:48:54 | * WEFiles/Client/OEDB.js-- -- --1856
10/12/2013 17:48:54 | * WEFiles/Client/OEDBClasses.js-- -- --2280
10/12/2013 17:48:54 | * WEFiles/Client/openElement.js-- -- --9477
10/12/2013 17:48:54 | * WEFiles/Client/openElementUI.js-- -- --1359
10/12/2013 17:48:54 | * WEFiles/Client/VarText.js-- -- --3356
10/12/2013 17:48:54 | * WEFiles/Client/VarText_fr.js-- -- --1740
10/12/2013 17:48:54 | * WEFiles/Client/xxOEDB.js-- -- --1906
10/12/2013 17:48:54 | * WEFiles/Client/xxOEDBClasses.js-- -- --2280
10/12/2013 17:48:54 | * WEFiles/Css/ie7.css-- -- --835
10/12/2013 17:48:54 | * WEFiles/Css/openElement.css-- -- --3743
10/12/2013 17:48:54 | * WEFiles/Image/Code.png-- -- --831
10/12/2013 17:48:54 | * WEFiles/Image/delete.png-- -- --1465
10/12/2013 17:48:54 | * WEFiles/Image/empty.png-- -- --184
10/12/2013 17:48:54 | * WEFiles/Image/information2.png-- -- --3246
10/12/2013 17:48:54 | * WEFiles/Image/loading.gif-- -- --1924
10/12/2013 17:48:54 | * WEFiles/Image/mask.png-- -- --213
10/12/2013 17:48:54 | * WEFiles/Image/ModalBackgound.png-- -- --27145
10/12/2013 17:48:54 | * WEFiles/Image/ModalPopupBlock.png-- -- --268
10/12/2013 17:48:54 | * WEFiles/Image/ServerError.png-- -- --2602
10/12/2013 17:48:54 | * WEFiles/Image/WEW3C.png-- -- --1882
10/12/2013 17:48:54 | * WEFiles/Server/class/class-phpmailer.php-- -- --64846
10/12/2013 17:48:54 | * WEFiles/Server/class/class-smtp.php-- -- --32442
10/12/2013 17:48:54 | * WEFiles/Server/class/JSON.php-- -- --34073
10/12/2013 17:48:54 | * WEFiles/Server/DB/dbadmin/phpliteadmin.config.php-- -- --2809
10/12/2013 17:48:54 | * WEFiles/Server/DB/dbadmin/phpliteadmin.php-- -- --211157
10/12/2013 17:48:54 | * WEFiles/Server/DB/DBTools/OEDataContainers.php-- -- --57969
10/12/2013 17:48:54 | * WEFiles/Server/DB/DBTools/OEDBRequest.php-- -- --36412
10/12/2013 17:48:54 | * WEFiles/Server/DB/DBTools/OEDynUtils.php-- -- --15750
10/12/2013 17:48:54 | * WEFiles/Server/DB/.htaccess-- -- --13
10/12/2013 17:48:54 | * WEFiles/Server/DB/OEDB.php-- -- --28741
10/12/2013 17:48:54 | * WEFiles/Server/DB/OEDBClasses.php-- -- --84478
10/12/2013 17:48:54 | * WEFiles/Server/DB/sqllogin.php-- -- --1479
10/12/2013 17:48:54 | * WEFiles/Server/language/phpmailer.lang-en.php-- -- --1188
10/12/2013 17:48:54 | * WEFiles/Server/language/phpmailer.lang-fr.php-- -- --1297
10/12/2013 17:48:54 | * WEFiles/Server/openElement.php-- -- --17167
10/12/2013 17:48:54 | * WEFiles/Server/VarText.php-- -- --4306
10/12/2013 17:48:54 | * .htaccess-- -- --0
10/12/2013 17:48:54 | * index(var).js-- -- --861
10/12/2013 17:48:54 | * index(var).php-- -- --1628
10/12/2013 17:48:54 | * index.css-- -- --10437
10/12/2013 17:48:54 | * WEFiles/Image/Skin/3814f248.jpg-- -- --223221
10/12/2013 17:48:54 | * WEFiles/Image/WEImage/e31dad83DEFAULT.png-- -- --268
10/12/2013 17:48:54 | * WEFiles/Image/Skin/1abb2eab.jpg-- -- --233753
10/12/2013 17:48:54 | * WEFiles/Image/Skin/2a3f2740.png-- -- --930
10/12/2013 17:48:54 | * WEFiles/Image/Skin/4d302d5a.png-- -- --1164
10/12/2013 17:48:54 | * WEFiles/Image/Skin/1ea4693c.png-- -- --1325
10/12/2013 17:48:54 | * WEFiles/Image/Skin/89ed3aad.png-- -- --1040
10/12/2013 17:48:54 | * WEFiles/Image/Skin/0a04ec30.jpg-- -- --253506
10/12/2013 17:48:54 | * WEFiles/Image/Skin/1a2d3739.png-- -- --90
10/12/2013 17:48:54 | * WEFiles/Image/Skin/5e7a93a0.png-- -- --2093
10/12/2013 17:48:54 | * WEFiles/Image/Skin/27ffe030.png-- -- --1652
10/12/2013 17:48:54 | * WEFiles/Image/Skin/d20caab5.png-- -- --1564
10/12/2013 17:48:54 | * WEFiles/Image/Skin/a2d6e7ec.png-- -- --1978
10/12/2013 17:48:54 | * WEFiles/Image/Skin/a4748c8c.png-- -- --90
10/12/2013 17:48:54 | * WEFiles/Image/Skin/26c70838.png-- -- --193
10/12/2013 17:48:54 | * WEFiles/Image/Skin/58294202.png-- -- --825
10/12/2013 17:48:54 | * WEFiles/Image/Skin/cbb1ae94.png-- -- --193
10/12/2013 17:48:54 | * WEFiles/Image/Skin/966687aa.png-- -- --825
10/12/2013 17:48:54 | * WEFiles/Server/WESendMail_v1-43-0.php-- -- --9850
10/12/2013 17:48:54 | * WEFiles/Client/WESendMail_v1-43-0.js-- -- --3927
10/12/2013 17:48:54 | * WEFiles/Image/Skin/e1defe9e.png-- -- --554
10/12/2013 17:48:54 | * WEFiles/Image/Skin/f72ffa6d.png-- -- --348
10/12/2013 17:48:54 | * WEFiles/Image/Skin/0db815a6.png-- -- --348
10/12/2013 17:48:54 | * WEFiles/Image/Flag_DEFAULT.png-- -- --782
10/12/2013 17:48:54 | * WEFiles/Image/Flag_FR.png-- -- --771
10/12/2013 17:48:54 | * WEFiles/Image/Skin/23baf6c8.png-- -- --520
10/12/2013 17:48:54 | * WEFiles/Image/Skin/962e1fc1.png-- -- --477
10/12/2013 17:48:54 | * WEFiles/Image/Skin/f4da6582.png-- -- --229
10/12/2013 17:48:54 | * WEFiles/Image/Skin/00bff3bd.png-- -- --223
10/12/2013 17:48:54 | * WEFiles/Image/Skin/c92e726e.png-- -- --230
10/12/2013 17:48:54 | * WEFiles/Image/Skin/1ccc25ab.png-- -- --266
10/12/2013 17:48:54 | * WEFiles/Image/Skin/dc555665.png-- -- --1363
10/12/2013 17:48:54 | * WEFiles/Image/Skin/ebc9774e.png-- -- --1600
10/12/2013 17:48:54 | * index.fr.htm-- -- --52855
10/12/2013 17:48:54 | * index.htm-- -- --53483
10/12/2013 17:48:54 | * robots.txt-- -- --56
10/12/2013 17:48:54 | * SAMPLE(var).php-- -- --314
10/12/2013 17:48:54 | * SAMPLE.css-- -- --13291
10/12/2013 17:48:54 | * WEFiles/Image/Skin/f43c7602.png-- -- --90
10/12/2013 17:48:54 | * WEFiles/Image/Skin/fd65299b.jpg-- -- --9952
10/12/2013 17:48:54 | * Files/Image/icone-demo.png-- -- --16324
10/12/2013 17:48:54 | * WEFiles/Image/Skin/d948ce83.png-- -- --90
10/12/2013 17:48:54 | * WEFiles/Image/Skin/88cbd4d4.png-- -- --90
10/12/2013 17:48:54 | * WEFiles/Image/Skin/ac543dc2.png-- -- --90
10/12/2013 17:48:54 | * WEFiles/Image/Skin/deb8b244.png-- -- --90
10/12/2013 17:48:54 | * WEFiles/Image/Skin/ab4ef622.jpg-- -- --9952
10/12/2013 17:48:54 | * WEFiles/Image/Skin/23fa532d.jpg-- -- --9952
10/12/2013 17:48:54 | * SAMPLE.fr.htm-- -- --54573
10/12/2013 17:48:54 | * SAMPLE.htm-- -- --55154
10/12/2013 17:48:54 | * sitemap.xml-- -- --1823
10/12/2013 17:48:54 | * Files/Fonts/Domestic Manners.eot-- -- --61388
10/12/2013 17:48:54 | * Files/Fonts/Domestic Manners.ttf-- -- --61128
10/12/2013 17:48:54 | * Files/Fonts/Domestic Manners.woff-- -- --34672
10/12/2013 17:48:54 | * Files/Fonts/Fonts.css-- -- --1500
10/12/2013 17:48:54 | * Files/Fonts/GeosansLight.eot-- -- --60242
10/12/2013 17:48:54 | * Files/Fonts/GeosansLight.ttf-- -- --60072
10/12/2013 17:48:54 | * Files/Fonts/GeosansLight.woff-- -- --32304
10/12/2013 17:48:54 | * Files/Fonts/Open Sans Light.eot-- -- --42150
10/12/2013 17:48:54 | * Files/Fonts/Open Sans Light.ttf-- -- --41936
10/12/2013 17:48:54 | * Files/Fonts/Open Sans Light.woff-- -- --22868
10/12/2013 17:48:54 | * Files/Fonts/Open Sans.eot-- -- --42790
10/12/2013 17:48:54 | * Files/Fonts/Open Sans.ttf-- -- --42600
10/12/2013 17:48:54 | * Files/Fonts/Open Sans.woff-- -- --23520
10/12/2013 17:48:54 | * Templates/Base_MenuRetractable.css-- -- --6060
10/12/2013 17:48:54 | * Templates/Base_Scripts.css-- -- --853
10/12/2013 17:48:56 | 
10/12/2013 17:48:56 | 
--------------------------------Phase 1 Terminé--------------------------------
10/12/2013 17:48:56 | 

13/12/2013 19:00:37 | Debut Mise en ligne complete (Site):
13/12/2013 19:00:41 | Listing terminé :
13/12/2013 19:00:41 | 

13/12/2013 19:00:41 | * Files/Fonts-- -- --Folder create
13/12/2013 19:00:41 | * WEFiles-- -- --Folder create
13/12/2013 19:00:41 | * WEFiles/Xml-- -- --Folder create
13/12/2013 19:00:41 | * WEFiles/Server-- -- --Folder create
13/12/2013 19:00:41 | * WEFiles/Server/language-- -- --Folder create
13/12/2013 19:00:41 | * WEFiles/Server/DB-- -- --Folder create
13/12/2013 19:00:41 | * WEFiles/Server/DB/DBTools-- -- --Folder create
13/12/2013 19:00:41 | * WEFiles/Server/DB/dbadmin-- -- --Folder create
13/12/2013 19:00:41 | * WEFiles/Server/class-- -- --Folder create
13/12/2013 19:00:41 | * WEFiles/Other-- -- --Folder create
13/12/2013 19:00:41 | * WEFiles/Image-- -- --Folder create
13/12/2013 19:00:41 | * WEFiles/Image/Skin-- -- --Folder create
13/12/2013 19:00:41 | * WEFiles/Font-- -- --Folder create
13/12/2013 19:00:41 | * WEFiles/EG-- -- --Folder create
13/12/2013 19:00:41 | * WEFiles/Css-- -- --Folder create
13/12/2013 19:00:41 | * WEFiles/Client-- -- --Folder create
13/12/2013 19:00:41 | * WEFiles/Client/jQuery-- -- --Folder create
13/12/2013 19:00:41 | * WEFiles/Client/jQuery/Plugins-- -- --Folder create
13/12/2013 19:00:41 | * WEFiles/Client/Common-- -- --Folder create
13/12/2013 19:00:41 | * Templates-- -- --Folder create
13/12/2013 19:00:41 | * Files-- -- --Folder create
13/12/2013 19:00:41 | * Files/Video-- -- --Folder create
13/12/2013 19:00:41 | * Files/Other-- -- --Folder create
13/12/2013 19:00:41 | * Files/Media-- -- --Folder create
13/12/2013 19:00:41 | * Files/Image-- -- --Folder create
13/12/2013 19:00:41 | * Files/Fonts-- -- --Folder create
13/12/2013 19:00:41 | * Files/Flash-- -- --Folder create
13/12/2013 19:00:41 | * Files/Audio-- -- --Folder create
13/12/2013 19:00:41 | * Elements-- -- --Folder create
13/12/2013 19:00:41 | * Data-- -- --Folder create
13/12/2013 19:00:41 | * Backup-- -- --Folder create
13/12/2013 19:00:41 | * Common-- -- --Folder create
13/12/2013 19:00:41 | * WEFiles/Image/WEImage-- -- --Folder create
13/12/2013 19:00:41 | * Files\Other-- -- --Folder create
13/12/2013 19:00:41 | * Files\Fonts-- -- --Folder create
13/12/2013 19:00:41 | * Backup/.htaccess-- -- --33
13/12/2013 19:00:41 | * Data/.htaccess-- -- --13
13/12/2013 19:00:41 | * WEFiles/Client/Common/oe.min.js-- -- --16311
13/12/2013 19:00:41 | * WEFiles/Client/jQuery/Plugins/jquery.form.js-- -- --26755
13/12/2013 19:00:41 | * WEFiles/Client/jQuery/Plugins/jquery.simplemodal.js-- -- --22338
13/12/2013 19:00:41 | * WEFiles/Client/jQuery/Plugins/jquery.ui.core.js-- -- --19584
13/12/2013 19:00:41 | * WEFiles/Client/jQuery/Plugins/jquery.ui.effects.js-- -- --25240
13/12/2013 19:00:41 | * WEFiles/Client/jQuery/Plugins/jquery.ui.mouse.js-- -- --2876
13/12/2013 19:00:41 | * WEFiles/Client/jQuery/Plugins/jquery.ui.slider.js-- -- --9940
13/12/2013 19:00:41 | * WEFiles/Client/jQuery/Plugins/jquery.ui.widget.js-- -- --3234
13/12/2013 19:00:41 | * WEFiles/Client/jQuery/1.10.2.js-- -- --93107
13/12/2013 19:00:41 | * WEFiles/Client/jQuery/migrate.js-- -- --19479
13/12/2013 19:00:41 | * WEFiles/Client/Json.js-- -- --2766
13/12/2013 19:00:41 | * WEFiles/Client/OEDB.js-- -- --1856
13/12/2013 19:00:41 | * WEFiles/Client/OEDBClasses.js-- -- --2280
13/12/2013 19:00:41 | * WEFiles/Client/openElement.js-- -- --9477
13/12/2013 19:00:41 | * WEFiles/Client/openElementUI.js-- -- --3436
13/12/2013 19:00:41 | * WEFiles/Client/VarText.js-- -- --3356
13/12/2013 19:00:41 | * WEFiles/Client/VarText_fr.js-- -- --1740
13/12/2013 19:00:41 | * WEFiles/Client/xxOEDB.js-- -- --1906
13/12/2013 19:00:41 | * WEFiles/Client/xxOEDBClasses.js-- -- --2280
13/12/2013 19:00:41 | * WEFiles/Css/ie7.css-- -- --835
13/12/2013 19:00:41 | * WEFiles/Css/openElement.css-- -- --5909
13/12/2013 19:00:41 | * WEFiles/Image/Code.png-- -- --831
13/12/2013 19:00:41 | * WEFiles/Image/delete.png-- -- --1465
13/12/2013 19:00:41 | * WEFiles/Image/empty.png-- -- --184
13/12/2013 19:00:41 | * WEFiles/Image/information2.png-- -- --3246
13/12/2013 19:00:41 | * WEFiles/Image/loading.gif-- -- --1924
13/12/2013 19:00:41 | * WEFiles/Image/mask.png-- -- --213
13/12/2013 19:00:41 | * WEFiles/Image/ModalBackgound.png-- -- --27145
13/12/2013 19:00:41 | * WEFiles/Image/ModalPopupBlock.png-- -- --268
13/12/2013 19:00:41 | * WEFiles/Image/ServerError.png-- -- --2602
13/12/2013 19:00:41 | * WEFiles/Image/WEW3C.png-- -- --1882
13/12/2013 19:00:41 | * WEFiles/Server/class/class-phpmailer.php-- -- --64846
13/12/2013 19:00:41 | * WEFiles/Server/class/class-smtp.php-- -- --32442
13/12/2013 19:00:41 | * WEFiles/Server/class/JSON.php-- -- --34073
13/12/2013 19:00:41 | * WEFiles/Server/DB/dbadmin/phpliteadmin.config.php-- -- --2809
13/12/2013 19:00:41 | * WEFiles/Server/DB/dbadmin/phpliteadmin.php-- -- --211157
13/12/2013 19:00:41 | * WEFiles/Server/DB/DBTools/OEDataContainers.php-- -- --57969
13/12/2013 19:00:41 | * WEFiles/Server/DB/DBTools/OEDBRequest.php-- -- --36412
13/12/2013 19:00:41 | * WEFiles/Server/DB/DBTools/OEDynUtils.php-- -- --15881
13/12/2013 19:00:41 | * WEFiles/Server/DB/.htaccess-- -- --13
13/12/2013 19:00:41 | * WEFiles/Server/DB/OEDB.php-- -- --28741
13/12/2013 19:00:41 | * WEFiles/Server/DB/OEDBClasses.php-- -- --84478
13/12/2013 19:00:41 | * WEFiles/Server/DB/sqllogin.php-- -- --1479
13/12/2013 19:00:41 | * WEFiles/Server/language/phpmailer.lang-en.php-- -- --1188
13/12/2013 19:00:41 | * WEFiles/Server/language/phpmailer.lang-fr.php-- -- --1297
13/12/2013 19:00:41 | * WEFiles/Server/openElement.php-- -- --17167
13/12/2013 19:00:41 | * WEFiles/Server/VarText.php-- -- --4306
13/12/2013 19:00:41 | * .htaccess-- -- --0
13/12/2013 19:00:41 | * index(var).js-- -- --879
13/12/2013 19:00:41 | * index(var).php-- -- --1646
13/12/2013 19:00:41 | * index.css-- -- --10437
13/12/2013 19:00:41 | * WEFiles/Image/Skin/3814f248.jpg-- -- --223221
13/12/2013 19:00:41 | * WEFiles/Image/WEImage/e31dad83DEFAULT.png-- -- --268
13/12/2013 19:00:41 | * WEFiles/Image/Skin/1abb2eab.jpg-- -- --233753
13/12/2013 19:00:41 | * WEFiles/Image/Skin/2a3f2740.png-- -- --930
13/12/2013 19:00:41 | * WEFiles/Image/Skin/4d302d5a.png-- -- --1164
13/12/2013 19:00:41 | * WEFiles/Image/Skin/1ea4693c.png-- -- --1325
13/12/2013 19:00:41 | * WEFiles/Image/Skin/89ed3aad.png-- -- --1040
13/12/2013 19:00:41 | * WEFiles/Image/Skin/0a04ec30.jpg-- -- --253506
13/12/2013 19:00:41 | * WEFiles/Image/Skin/1a2d3739.png-- -- --90
13/12/2013 19:00:41 | * WEFiles/Image/Skin/5e7a93a0.png-- -- --2093
13/12/2013 19:00:41 | * WEFiles/Image/Skin/27ffe030.png-- -- --1652
13/12/2013 19:00:41 | * WEFiles/Image/Skin/d20caab5.png-- -- --1564
13/12/2013 19:00:41 | * WEFiles/Image/Skin/a2d6e7ec.png-- -- --1978
13/12/2013 19:00:41 | * WEFiles/Image/Skin/a4748c8c.png-- -- --90
13/12/2013 19:00:41 | * WEFiles/Image/Skin/26c70838.png-- -- --193
13/12/2013 19:00:41 | * WEFiles/Image/Skin/58294202.png-- -- --825
13/12/2013 19:00:41 | * WEFiles/Image/Skin/cbb1ae94.png-- -- --193
13/12/2013 19:00:41 | * WEFiles/Image/Skin/966687aa.png-- -- --825
13/12/2013 19:00:41 | * WEFiles/Server/WESendMail-v2.php-- -- --9850
13/12/2013 19:00:41 | * WEFiles/Client/WESendMail-v2.js-- -- --10092
13/12/2013 19:00:41 | * WEFiles/Image/Skin/e1defe9e.png-- -- --554
13/12/2013 19:00:41 | * WEFiles/Image/Skin/f72ffa6d.png-- -- --348
13/12/2013 19:00:41 | * WEFiles/Image/Skin/0db815a6.png-- -- --348
13/12/2013 19:00:41 | * WEFiles/Image/Flag_DEFAULT.png-- -- --782
13/12/2013 19:00:41 | * WEFiles/Image/Flag_FR.png-- -- --771
13/12/2013 19:00:41 | * WEFiles/Image/Skin/23baf6c8.png-- -- --520
13/12/2013 19:00:41 | * WEFiles/Image/Skin/962e1fc1.png-- -- --477
13/12/2013 19:00:41 | * WEFiles/Image/Skin/f4da6582.png-- -- --229
13/12/2013 19:00:41 | * WEFiles/Image/Skin/00bff3bd.png-- -- --223
13/12/2013 19:00:41 | * WEFiles/Image/Skin/c92e726e.png-- -- --230
13/12/2013 19:00:41 | * WEFiles/Image/Skin/1ccc25ab.png-- -- --266
13/12/2013 19:00:41 | * WEFiles/Image/Skin/dc555665.png-- -- --1363
13/12/2013 19:00:41 | * WEFiles/Image/Skin/ebc9774e.png-- -- --1600
13/12/2013 19:00:41 | * index.fr.htm-- -- --50722
13/12/2013 19:00:41 | * index.htm-- -- --51350
13/12/2013 19:00:41 | * robots.txt-- -- --56
13/12/2013 19:00:41 | * SAMPLE(var).php-- -- --314
13/12/2013 19:00:41 | * SAMPLE.css-- -- --13291
13/12/2013 19:00:41 | * WEFiles/Image/Skin/f43c7602.png-- -- --90
13/12/2013 19:00:41 | * WEFiles/Image/Skin/fd65299b.jpg-- -- --9952
13/12/2013 19:00:41 | * Files/Image/icone-demo.png-- -- --16324
13/12/2013 19:00:41 | * WEFiles/Image/Skin/d948ce83.png-- -- --90
13/12/2013 19:00:41 | * WEFiles/Image/Skin/88cbd4d4.png-- -- --90
13/12/2013 19:00:41 | * WEFiles/Image/Skin/ac543dc2.png-- -- --90
13/12/2013 19:00:41 | * WEFiles/Image/Skin/deb8b244.png-- -- --90
13/12/2013 19:00:41 | * WEFiles/Image/Skin/ab4ef622.jpg-- -- --9952
13/12/2013 19:00:41 | * WEFiles/Image/Skin/23fa532d.jpg-- -- --9952
13/12/2013 19:00:41 | * SAMPLE.fr.htm-- -- --49831
13/12/2013 19:00:41 | * SAMPLE.htm-- -- --50412
13/12/2013 19:00:41 | * sitemap.xml-- -- --1823
13/12/2013 19:00:41 | * Files/Fonts/Domestic Manners.eot-- -- --61388
13/12/2013 19:00:41 | * Files/Fonts/Domestic Manners.ttf-- -- --61128
13/12/2013 19:00:41 | * Files/Fonts/Domestic Manners.woff-- -- --34672
13/12/2013 19:00:41 | * Files/Fonts/Fonts.css-- -- --1500
13/12/2013 19:00:41 | * Files/Fonts/GeosansLight.eot-- -- --60242
13/12/2013 19:00:41 | * Files/Fonts/GeosansLight.ttf-- -- --60072
13/12/2013 19:00:41 | * Files/Fonts/GeosansLight.woff-- -- --32304
13/12/2013 19:00:41 | * Files/Fonts/Open Sans Light.eot-- -- --42150
13/12/2013 19:00:41 | * Files/Fonts/Open Sans Light.ttf-- -- --41936
13/12/2013 19:00:41 | * Files/Fonts/Open Sans Light.woff-- -- --22868
13/12/2013 19:00:41 | * Files/Fonts/Open Sans.eot-- -- --42790
13/12/2013 19:00:41 | * Files/Fonts/Open Sans.ttf-- -- --42600
13/12/2013 19:00:41 | * Files/Fonts/Open Sans.woff-- -- --23520
13/12/2013 19:00:41 | * Templates/Base_MenuRetractable.css-- -- --6060
13/12/2013 19:00:41 | * Templates/Base_Scripts.css-- -- --853
13/12/2013 19:00:44 | 
13/12/2013 19:00:44 | 
--------------------------------Phase 1 Terminé--------------------------------
13/12/2013 19:00:44 | 

