05/11/2013 16:21:17 | Debut Mise en ligne complete (Site):
05/11/2013 16:21:20 | Listing terminé :
05/11/2013 16:21:20 | 

05/11/2013 16:21:20 | * Files/Fonts-- -- --Folder create
05/11/2013 16:21:20 | * WEFiles-- -- --Folder create
05/11/2013 16:21:20 | * WEFiles/Xml-- -- --Folder create
05/11/2013 16:21:20 | * WEFiles/Server-- -- --Folder create
05/11/2013 16:21:20 | * WEFiles/Server/language-- -- --Folder create
05/11/2013 16:21:20 | * WEFiles/Server/DB-- -- --Folder create
05/11/2013 16:21:20 | * WEFiles/Server/DB/DBTools-- -- --Folder create
05/11/2013 16:21:20 | * WEFiles/Server/DB/dbadmin-- -- --Folder create
05/11/2013 16:21:20 | * WEFiles/Server/class-- -- --Folder create
05/11/2013 16:21:20 | * WEFiles/Image-- -- --Folder create
05/11/2013 16:21:20 | * WEFiles/Image/Skin-- -- --Folder create
05/11/2013 16:21:20 | * WEFiles/Font-- -- --Folder create
05/11/2013 16:21:20 | * WEFiles/Css-- -- --Folder create
05/11/2013 16:21:20 | * WEFiles/Client-- -- --Folder create
05/11/2013 16:21:20 | * WEFiles/Client/jQuery-- -- --Folder create
05/11/2013 16:21:20 | * WEFiles/Client/jQuery/Plugins-- -- --Folder create
05/11/2013 16:21:20 | * WEFiles/Client/Common-- -- --Folder create
05/11/2013 16:21:20 | * Templates-- -- --Folder create
05/11/2013 16:21:20 | * Files-- -- --Folder create
05/11/2013 16:21:20 | * Files/Video-- -- --Folder create
05/11/2013 16:21:20 | * Files/Other-- -- --Folder create
05/11/2013 16:21:20 | * Files/Media-- -- --Folder create
05/11/2013 16:21:20 | * Files/Image-- -- --Folder create
05/11/2013 16:21:20 | * Files/Fonts-- -- --Folder create
05/11/2013 16:21:20 | * Files/Flash-- -- --Folder create
05/11/2013 16:21:20 | * Files/Audio-- -- --Folder create
05/11/2013 16:21:20 | * Data-- -- --Folder create
05/11/2013 16:21:20 | * Backup-- -- --Folder create
05/11/2013 16:21:20 | * Common-- -- --Folder create
05/11/2013 16:21:20 | * WEFiles/Image/WEImage-- -- --Folder create
05/11/2013 16:21:20 | * Files\Other-- -- --Folder create
05/11/2013 16:21:20 | * Files\Fonts-- -- --Folder create
05/11/2013 16:21:20 | * Backup/.htaccess-- -- --33
05/11/2013 16:21:20 | * Data/.htaccess-- -- --13
05/11/2013 16:21:20 | * WEFiles/Client/Common/oe.min.js-- -- --15817
05/11/2013 16:21:20 | * WEFiles/Client/jQuery/Plugins/jquery.easing.1.3.js-- -- --8097
05/11/2013 16:21:20 | * WEFiles/Client/jQuery/Plugins/jquery.form.js-- -- --26755
05/11/2013 16:21:20 | * WEFiles/Client/jQuery/Plugins/jquery.simplemodal.js-- -- --22338
05/11/2013 16:21:20 | * WEFiles/Client/jQuery/Plugins/jquery.ui.accordion.js-- -- --16269
05/11/2013 16:21:20 | * WEFiles/Client/jQuery/Plugins/jquery.ui.core.js-- -- --14026
05/11/2013 16:21:20 | * WEFiles/Client/jQuery/Plugins/jquery.ui.mouse.js-- -- --2876
05/11/2013 16:21:20 | * WEFiles/Client/jQuery/Plugins/jquery.ui.slider.js-- -- --9940
05/11/2013 16:21:20 | * WEFiles/Client/jQuery/Plugins/jquery.ui.widget.js-- -- --3234
05/11/2013 16:21:20 | * WEFiles/Client/jQuery/1.10.2.js-- -- --93107
05/11/2013 16:21:20 | * WEFiles/Client/jQuery/1.7.1.js-- -- --93873
05/11/2013 16:21:20 | * WEFiles/Client/Json.js-- -- --2766
05/11/2013 16:21:20 | * WEFiles/Client/OEDB.js-- -- --1856
05/11/2013 16:21:20 | * WEFiles/Client/OEDBClasses.js-- -- --2280
05/11/2013 16:21:20 | * WEFiles/Client/openElement.js-- -- --9477
05/11/2013 16:21:20 | * WEFiles/Client/openElementUI.js-- -- --3436
05/11/2013 16:21:20 | * WEFiles/Client/VarText.js-- -- --3356
05/11/2013 16:21:20 | * WEFiles/Client/VarText_fr.js-- -- --1740
05/11/2013 16:21:20 | * WEFiles/Client/xxOEDB.js-- -- --1906
05/11/2013 16:21:20 | * WEFiles/Client/xxOEDBClasses.js-- -- --2280
05/11/2013 16:21:20 | * WEFiles/Css/ie7.css-- -- --835
05/11/2013 16:21:20 | * WEFiles/Css/openElement.css-- -- --5903
05/11/2013 16:21:20 | * WEFiles/Image/Code.png-- -- --831
05/11/2013 16:21:20 | * WEFiles/Image/delete.png-- -- --1465
05/11/2013 16:21:20 | * WEFiles/Image/empty.png-- -- --184
05/11/2013 16:21:20 | * WEFiles/Image/information2.png-- -- --3246
05/11/2013 16:21:20 | * WEFiles/Image/loading.gif-- -- --1924
05/11/2013 16:21:20 | * WEFiles/Image/mask.png-- -- --213
05/11/2013 16:21:20 | * WEFiles/Image/ModalBackgound.png-- -- --27145
05/11/2013 16:21:20 | * WEFiles/Image/ModalPopupBlock.png-- -- --268
05/11/2013 16:21:20 | * WEFiles/Image/ServerError.png-- -- --2602
05/11/2013 16:21:20 | * WEFiles/Image/WEW3C.png-- -- --1882
05/11/2013 16:21:20 | * WEFiles/Server/class/class-phpmailer.php-- -- --64846
05/11/2013 16:21:20 | * WEFiles/Server/class/class-smtp.php-- -- --32442
05/11/2013 16:21:20 | * WEFiles/Server/class/JSON.php-- -- --34073
05/11/2013 16:21:20 | * WEFiles/Server/DB/dbadmin/phpliteadmin.config.php-- -- --2809
05/11/2013 16:21:20 | * WEFiles/Server/DB/dbadmin/phpliteadmin.php-- -- --211157
05/11/2013 16:21:20 | * WEFiles/Server/DB/DBTools/OEDataContainers.php-- -- --57969
05/11/2013 16:21:20 | * WEFiles/Server/DB/DBTools/OEDBRequest.php-- -- --36412
05/11/2013 16:21:20 | * WEFiles/Server/DB/DBTools/OEDynUtils.php-- -- --15750
05/11/2013 16:21:20 | * WEFiles/Server/DB/.htaccess-- -- --13
05/11/2013 16:21:20 | * WEFiles/Server/DB/OEDB.php-- -- --28741
05/11/2013 16:21:20 | * WEFiles/Server/DB/OEDBClasses.php-- -- --83602
05/11/2013 16:21:20 | * WEFiles/Server/DB/sqllogin.php-- -- --1479
05/11/2013 16:21:20 | * WEFiles/Server/language/phpmailer.lang-en.php-- -- --1188
05/11/2013 16:21:20 | * WEFiles/Server/language/phpmailer.lang-fr.php-- -- --1297
05/11/2013 16:21:20 | * WEFiles/Server/openElement.php-- -- --16771
05/11/2013 16:21:20 | * WEFiles/Server/VarText.php-- -- --4306
05/11/2013 16:21:20 | * .htaccess-- -- --0
05/11/2013 16:21:20 | * index.css-- -- --8116
05/11/2013 16:21:20 | * WEFiles/Image/Skin/1abb2eab.jpg-- -- --233753
05/11/2013 16:21:20 | * WEFiles/Image/WEImage/e31dad83DEFAULT.png-- -- --268
05/11/2013 16:21:20 | * WEFiles/Image/Skin/c8745642.png-- -- --116
05/11/2013 16:21:20 | * Files/Image/applogo.png-- -- --15906
05/11/2013 16:21:20 | * WEFiles/Image/Skin/3814f248.jpg-- -- --223221
05/11/2013 16:21:20 | * WEFiles/Image/Skin/2a3f2740.png-- -- --930
05/11/2013 16:21:20 | * WEFiles/Image/Skin/4d302d5a.png-- -- --1164
05/11/2013 16:21:20 | * WEFiles/Image/Skin/1ea4693c.png-- -- --1325
05/11/2013 16:21:20 | * WEFiles/Image/Skin/89ed3aad.png-- -- --1040
05/11/2013 16:21:20 | * WEFiles/Image/Skin/0a04ec30.jpg-- -- --253506
05/11/2013 16:21:20 | * WEFiles/Image/Skin/3d3a2ac2.png-- -- --90
05/11/2013 16:21:20 | * WEFiles/Image/Skin/5e7a93a0.png-- -- --2093
05/11/2013 16:21:20 | * WEFiles/Image/Skin/27ffe030.png-- -- --1652
05/11/2013 16:21:20 | * WEFiles/Image/Skin/d20caab5.png-- -- --1564
05/11/2013 16:21:20 | * WEFiles/Image/Skin/a2d6e7ec.png-- -- --1978
05/11/2013 16:21:20 | * WEFiles/Image/Skin/e1defe9e.png-- -- --554
05/11/2013 16:21:20 | * WEFiles/Image/Skin/f72ffa6d.png-- -- --348
05/11/2013 16:21:20 | * WEFiles/Image/Skin/0db815a6.png-- -- --348
05/11/2013 16:21:20 | * WEFiles/Image/Skin/27a5ad8c.png-- -- --147
05/11/2013 16:21:20 | * WEFiles/Image/Skin/23baf6c8.png-- -- --520
05/11/2013 16:21:20 | * WEFiles/Image/Skin/962e1fc1.png-- -- --477
05/11/2013 16:21:20 | * WEFiles/Image/Skin/f4da6582.png-- -- --229
05/11/2013 16:21:20 | * WEFiles/Image/Skin/00bff3bd.png-- -- --223
05/11/2013 16:21:20 | * WEFiles/Image/Skin/c92e726e.png-- -- --230
05/11/2013 16:21:20 | * WEFiles/Image/Skin/1ccc25ab.png-- -- --266
05/11/2013 16:21:20 | * WEFiles/Image/Skin/dc555665.png-- -- --1363
05/11/2013 16:21:20 | * WEFiles/Image/Skin/ebc9774e.png-- -- --1600
05/11/2013 16:21:20 | * index.htm-- -- --48855
05/11/2013 16:21:20 | * robots.txt-- -- --48
05/11/2013 16:21:20 | * sitemap.xml-- -- --596
05/11/2013 16:21:20 | * test.css-- -- --592
05/11/2013 16:21:20 | * test.htm-- -- --2721
05/11/2013 16:21:20 | * Files/Fonts/Domestic Manners.eot-- -- --61388
05/11/2013 16:21:20 | * Files/Fonts/Domestic Manners.ttf-- -- --61128
05/11/2013 16:21:20 | * Files/Fonts/Domestic Manners.woff-- -- --34672
05/11/2013 16:21:20 | * Files/Fonts/Fonts.css-- -- --1500
05/11/2013 16:21:20 | * Files/Fonts/GeosansLight.eot-- -- --60242
05/11/2013 16:21:20 | * Files/Fonts/GeosansLight.ttf-- -- --60072
05/11/2013 16:21:20 | * Files/Fonts/GeosansLight.woff-- -- --32304
05/11/2013 16:21:20 | * Files/Fonts/Open Sans Light.eot-- -- --42150
05/11/2013 16:21:20 | * Files/Fonts/Open Sans Light.ttf-- -- --41936
05/11/2013 16:21:20 | * Files/Fonts/Open Sans Light.woff-- -- --22868
05/11/2013 16:21:20 | * Files/Fonts/Open Sans.eot-- -- --42790
05/11/2013 16:21:20 | * Files/Fonts/Open Sans.ttf-- -- --42600
05/11/2013 16:21:20 | * Files/Fonts/Open Sans.woff-- -- --23520
05/11/2013 16:21:20 | * Templates/BaseCalque.css-- -- --5213
05/11/2013 16:21:25 | 
05/11/2013 16:21:25 | 
--------------------------------Phase 1 Terminé--------------------------------
05/11/2013 16:21:25 | 

05/11/2013 18:16:14 | Debut Mise en ligne complete (Site):
05/11/2013 18:16:16 | Listing terminé :
05/11/2013 18:16:16 | 

05/11/2013 18:16:16 | * Files/Fonts-- -- --Folder create
05/11/2013 18:16:16 | * WEFiles-- -- --Folder create
05/11/2013 18:16:16 | * WEFiles/Xml-- -- --Folder create
05/11/2013 18:16:16 | * WEFiles/Server-- -- --Folder create
05/11/2013 18:16:16 | * WEFiles/Server/language-- -- --Folder create
05/11/2013 18:16:16 | * WEFiles/Server/DB-- -- --Folder create
05/11/2013 18:16:16 | * WEFiles/Server/DB/DBTools-- -- --Folder create
05/11/2013 18:16:16 | * WEFiles/Server/DB/dbadmin-- -- --Folder create
05/11/2013 18:16:16 | * WEFiles/Server/class-- -- --Folder create
05/11/2013 18:16:16 | * WEFiles/Image-- -- --Folder create
05/11/2013 18:16:16 | * WEFiles/Image/Skin-- -- --Folder create
05/11/2013 18:16:16 | * WEFiles/Font-- -- --Folder create
05/11/2013 18:16:16 | * WEFiles/Css-- -- --Folder create
05/11/2013 18:16:16 | * WEFiles/Client-- -- --Folder create
05/11/2013 18:16:16 | * WEFiles/Client/jQuery-- -- --Folder create
05/11/2013 18:16:16 | * WEFiles/Client/jQuery/Plugins-- -- --Folder create
05/11/2013 18:16:16 | * WEFiles/Client/Common-- -- --Folder create
05/11/2013 18:16:16 | * Templates-- -- --Folder create
05/11/2013 18:16:16 | * Files-- -- --Folder create
05/11/2013 18:16:16 | * Files/Video-- -- --Folder create
05/11/2013 18:16:16 | * Files/Other-- -- --Folder create
05/11/2013 18:16:16 | * Files/Media-- -- --Folder create
05/11/2013 18:16:16 | * Files/Image-- -- --Folder create
05/11/2013 18:16:16 | * Files/Fonts-- -- --Folder create
05/11/2013 18:16:16 | * Files/Flash-- -- --Folder create
05/11/2013 18:16:16 | * Files/Audio-- -- --Folder create
05/11/2013 18:16:16 | * Data-- -- --Folder create
05/11/2013 18:16:16 | * Backup-- -- --Folder create
05/11/2013 18:16:16 | * Common-- -- --Folder create
05/11/2013 18:16:16 | * WEFiles/Image/WEImage-- -- --Folder create
05/11/2013 18:16:16 | * Files\Other-- -- --Folder create
05/11/2013 18:16:16 | * Files\Fonts-- -- --Folder create
05/11/2013 18:16:16 | * Backup/.htaccess-- -- --33
05/11/2013 18:16:16 | * Data/.htaccess-- -- --13
05/11/2013 18:16:16 | * WEFiles/Client/Common/oe.min.js-- -- --15817
05/11/2013 18:16:16 | * WEFiles/Client/jQuery/Plugins/jquery.easing.1.3.js-- -- --8097
05/11/2013 18:16:16 | * WEFiles/Client/jQuery/Plugins/jquery.form.js-- -- --26755
05/11/2013 18:16:16 | * WEFiles/Client/jQuery/Plugins/jquery.simplemodal.js-- -- --22338
05/11/2013 18:16:16 | * WEFiles/Client/jQuery/Plugins/jquery.ui.accordion.js-- -- --16269
05/11/2013 18:16:16 | * WEFiles/Client/jQuery/Plugins/jquery.ui.core.js-- -- --14026
05/11/2013 18:16:16 | * WEFiles/Client/jQuery/Plugins/jquery.ui.mouse.js-- -- --2876
05/11/2013 18:16:16 | * WEFiles/Client/jQuery/Plugins/jquery.ui.slider.js-- -- --9940
05/11/2013 18:16:16 | * WEFiles/Client/jQuery/Plugins/jquery.ui.widget.js-- -- --3234
05/11/2013 18:16:16 | * WEFiles/Client/jQuery/1.10.2.js-- -- --93107
05/11/2013 18:16:16 | * WEFiles/Client/jQuery/1.7.1.js-- -- --93873
05/11/2013 18:16:16 | * WEFiles/Client/Json.js-- -- --2766
05/11/2013 18:16:16 | * WEFiles/Client/OEDB.js-- -- --1856
05/11/2013 18:16:16 | * WEFiles/Client/OEDBClasses.js-- -- --2280
05/11/2013 18:16:16 | * WEFiles/Client/openElement.js-- -- --9477
05/11/2013 18:16:16 | * WEFiles/Client/openElementUI.js-- -- --3436
05/11/2013 18:16:16 | * WEFiles/Client/VarText.js-- -- --3356
05/11/2013 18:16:16 | * WEFiles/Client/VarText_fr.js-- -- --1740
05/11/2013 18:16:16 | * WEFiles/Client/xxOEDB.js-- -- --1906
05/11/2013 18:16:16 | * WEFiles/Client/xxOEDBClasses.js-- -- --2280
05/11/2013 18:16:16 | * WEFiles/Css/ie7.css-- -- --835
05/11/2013 18:16:16 | * WEFiles/Css/openElement.css-- -- --5903
05/11/2013 18:16:16 | * WEFiles/Image/Code.png-- -- --831
05/11/2013 18:16:16 | * WEFiles/Image/delete.png-- -- --1465
05/11/2013 18:16:16 | * WEFiles/Image/empty.png-- -- --184
05/11/2013 18:16:16 | * WEFiles/Image/information2.png-- -- --3246
05/11/2013 18:16:16 | * WEFiles/Image/loading.gif-- -- --1924
05/11/2013 18:16:16 | * WEFiles/Image/mask.png-- -- --213
05/11/2013 18:16:16 | * WEFiles/Image/ModalBackgound.png-- -- --27145
05/11/2013 18:16:16 | * WEFiles/Image/ModalPopupBlock.png-- -- --268
05/11/2013 18:16:16 | * WEFiles/Image/ServerError.png-- -- --2602
05/11/2013 18:16:16 | * WEFiles/Image/WEW3C.png-- -- --1882
05/11/2013 18:16:16 | * WEFiles/Server/class/class-phpmailer.php-- -- --64846
05/11/2013 18:16:16 | * WEFiles/Server/class/class-smtp.php-- -- --32442
05/11/2013 18:16:16 | * WEFiles/Server/class/JSON.php-- -- --34073
05/11/2013 18:16:16 | * WEFiles/Server/DB/dbadmin/phpliteadmin.config.php-- -- --2809
05/11/2013 18:16:16 | * WEFiles/Server/DB/dbadmin/phpliteadmin.php-- -- --211157
05/11/2013 18:16:16 | * WEFiles/Server/DB/DBTools/OEDataContainers.php-- -- --57969
05/11/2013 18:16:16 | * WEFiles/Server/DB/DBTools/OEDBRequest.php-- -- --36412
05/11/2013 18:16:16 | * WEFiles/Server/DB/DBTools/OEDynUtils.php-- -- --15750
05/11/2013 18:16:16 | * WEFiles/Server/DB/.htaccess-- -- --13
05/11/2013 18:16:16 | * WEFiles/Server/DB/OEDB.php-- -- --28741
05/11/2013 18:16:16 | * WEFiles/Server/DB/OEDBClasses.php-- -- --83602
05/11/2013 18:16:16 | * WEFiles/Server/DB/sqllogin.php-- -- --1479
05/11/2013 18:16:16 | * WEFiles/Server/language/phpmailer.lang-en.php-- -- --1188
05/11/2013 18:16:16 | * WEFiles/Server/language/phpmailer.lang-fr.php-- -- --1297
05/11/2013 18:16:16 | * WEFiles/Server/openElement.php-- -- --16771
05/11/2013 18:16:16 | * WEFiles/Server/VarText.php-- -- --4306
05/11/2013 18:16:16 | * .htaccess-- -- --0
05/11/2013 18:16:16 | * index.css-- -- --8116
05/11/2013 18:16:16 | * WEFiles/Image/Skin/1abb2eab.jpg-- -- --233753
05/11/2013 18:16:16 | * WEFiles/Image/WEImage/e31dad83DEFAULT.png-- -- --268
05/11/2013 18:16:16 | * WEFiles/Image/Skin/c8745642.png-- -- --116
05/11/2013 18:16:16 | * Files/Image/applogo.png-- -- --15906
05/11/2013 18:16:16 | * WEFiles/Image/Skin/3814f248.jpg-- -- --223221
05/11/2013 18:16:16 | * WEFiles/Image/Skin/2a3f2740.png-- -- --930
05/11/2013 18:16:16 | * WEFiles/Image/Skin/4d302d5a.png-- -- --1164
05/11/2013 18:16:16 | * WEFiles/Image/Skin/1ea4693c.png-- -- --1325
05/11/2013 18:16:16 | * WEFiles/Image/Skin/89ed3aad.png-- -- --1040
05/11/2013 18:16:16 | * WEFiles/Image/Skin/0a04ec30.jpg-- -- --253506
05/11/2013 18:16:16 | * WEFiles/Image/Skin/3d3a2ac2.png-- -- --90
05/11/2013 18:16:16 | * WEFiles/Image/Skin/5e7a93a0.png-- -- --2093
05/11/2013 18:16:16 | * WEFiles/Image/Skin/27ffe030.png-- -- --1652
05/11/2013 18:16:16 | * WEFiles/Image/Skin/d20caab5.png-- -- --1564
05/11/2013 18:16:16 | * WEFiles/Image/Skin/a2d6e7ec.png-- -- --1978
05/11/2013 18:16:16 | * WEFiles/Image/Skin/e1defe9e.png-- -- --554
05/11/2013 18:16:16 | * WEFiles/Image/Skin/f72ffa6d.png-- -- --348
05/11/2013 18:16:16 | * WEFiles/Image/Skin/0db815a6.png-- -- --348
05/11/2013 18:16:16 | * WEFiles/Image/Skin/27a5ad8c.png-- -- --147
05/11/2013 18:16:16 | * WEFiles/Image/Skin/23baf6c8.png-- -- --520
05/11/2013 18:16:16 | * WEFiles/Image/Skin/962e1fc1.png-- -- --477
05/11/2013 18:16:16 | * WEFiles/Image/Skin/f4da6582.png-- -- --229
05/11/2013 18:16:16 | * WEFiles/Image/Skin/00bff3bd.png-- -- --223
05/11/2013 18:16:16 | * WEFiles/Image/Skin/c92e726e.png-- -- --230
05/11/2013 18:16:16 | * WEFiles/Image/Skin/1ccc25ab.png-- -- --266
05/11/2013 18:16:16 | * WEFiles/Image/Skin/dc555665.png-- -- --1363
05/11/2013 18:16:16 | * WEFiles/Image/Skin/ebc9774e.png-- -- --1600
05/11/2013 18:16:16 | * index.htm-- -- --49335
05/11/2013 18:16:16 | * robots.txt-- -- --48
05/11/2013 18:16:16 | * sitemap.xml-- -- --596
05/11/2013 18:16:16 | * test.css-- -- --592
05/11/2013 18:16:16 | * test.htm-- -- --2721
05/11/2013 18:16:16 | * Files/Fonts/Domestic Manners.eot-- -- --61388
05/11/2013 18:16:16 | * Files/Fonts/Domestic Manners.ttf-- -- --61128
05/11/2013 18:16:16 | * Files/Fonts/Domestic Manners.woff-- -- --34672
05/11/2013 18:16:16 | * Files/Fonts/Fonts.css-- -- --1500
05/11/2013 18:16:16 | * Files/Fonts/GeosansLight.eot-- -- --60242
05/11/2013 18:16:16 | * Files/Fonts/GeosansLight.ttf-- -- --60072
05/11/2013 18:16:16 | * Files/Fonts/GeosansLight.woff-- -- --32304
05/11/2013 18:16:16 | * Files/Fonts/Open Sans Light.eot-- -- --42150
05/11/2013 18:16:16 | * Files/Fonts/Open Sans Light.ttf-- -- --41936
05/11/2013 18:16:16 | * Files/Fonts/Open Sans Light.woff-- -- --22868
05/11/2013 18:16:16 | * Files/Fonts/Open Sans.eot-- -- --42790
05/11/2013 18:16:16 | * Files/Fonts/Open Sans.ttf-- -- --42600
05/11/2013 18:16:16 | * Files/Fonts/Open Sans.woff-- -- --23520
05/11/2013 18:16:16 | * Templates/BaseCalque.css-- -- --5227
05/11/2013 18:16:19 | 
05/11/2013 18:16:19 | 
--------------------------------Phase 1 Terminé--------------------------------
05/11/2013 18:16:19 | 

05/11/2013 18:23:00 | Debut Mise en ligne différentielle (Site):
05/11/2013 18:23:02 | Listing terminé :
05/11/2013 18:23:02 | 

05/11/2013 18:23:02 | * Backup-- -- --Folder create
05/11/2013 18:23:02 | * Templates-- -- --Folder create
05/11/2013 18:23:02 | * Backup/.htaccess-- -- --33
05/11/2013 18:23:02 | * .htaccess-- -- --0
05/11/2013 18:23:02 | * index.css-- -- --8102
05/11/2013 18:23:02 | * index.htm-- -- --49345
05/11/2013 18:23:02 | * Templates/BaseCalque.css-- -- --5227
05/11/2013 18:23:02 | * sitemap.xml-- -- --596
05/11/2013 18:23:02 | * robots.txt-- -- --48
05/11/2013 18:23:05 | 
05/11/2013 18:23:05 | 
--------------------------------Phase 1 Terminé--------------------------------
05/11/2013 18:23:05 | 

05/11/2013 18:54:55 | Debut Mise en ligne différentielle (Site):
05/11/2013 18:54:56 | Listing terminé :
05/11/2013 18:54:56 | 

05/11/2013 18:54:56 | * Backup-- -- --Folder create
05/11/2013 18:54:56 | * Templates-- -- --Folder create
05/11/2013 18:54:56 | * Backup/.htaccess-- -- --33
05/11/2013 18:54:56 | * .htaccess-- -- --0
05/11/2013 18:54:56 | * index.css-- -- --8076
05/11/2013 18:54:56 | * index.htm-- -- --49702
05/11/2013 18:54:56 | * Templates/BaseCalque.css-- -- --5223
05/11/2013 18:54:56 | * sitemap.xml-- -- --596
05/11/2013 18:54:56 | * robots.txt-- -- --48
05/11/2013 18:54:58 | 
05/11/2013 18:54:58 | 
--------------------------------Phase 1 Terminé--------------------------------
05/11/2013 18:54:58 | 

05/11/2013 19:26:51 | Debut Mise en ligne différentielle (Site):
05/11/2013 19:26:52 | Listing terminé :
05/11/2013 19:26:52 | 

05/11/2013 19:26:52 | * Backup-- -- --Folder create
05/11/2013 19:26:52 | * Templates-- -- --Folder create
05/11/2013 19:26:52 | * Backup/.htaccess-- -- --33
05/11/2013 19:26:52 | * .htaccess-- -- --0
05/11/2013 19:26:52 | * index.css-- -- --8082
05/11/2013 19:26:52 | * index.htm-- -- --50626
05/11/2013 19:26:52 | * Templates/BaseCalque.css-- -- --5205
05/11/2013 19:26:52 | * sitemap.xml-- -- --596
05/11/2013 19:26:52 | * robots.txt-- -- --48
05/11/2013 19:26:54 | 
05/11/2013 19:26:54 | 
--------------------------------Phase 1 Terminé--------------------------------
05/11/2013 19:26:54 | 

05/11/2013 19:30:32 | Debut Mise en ligne différentielle (Site):
05/11/2013 19:30:34 | Listing terminé :
05/11/2013 19:30:34 | 

05/11/2013 19:30:34 | * Backup-- -- --Folder create
05/11/2013 19:30:34 | * Templates-- -- --Folder create
05/11/2013 19:30:34 | * Backup/.htaccess-- -- --33
05/11/2013 19:30:34 | * .htaccess-- -- --0
05/11/2013 19:30:34 | * index.css-- -- --8082
05/11/2013 19:30:34 | * index.htm-- -- --50632
05/11/2013 19:30:34 | * Templates/BaseCalque.css-- -- --5205
05/11/2013 19:30:34 | * sitemap.xml-- -- --596
05/11/2013 19:30:34 | * robots.txt-- -- --48
05/11/2013 19:31:03 | 
05/11/2013 19:31:03 | 
--------------------------------Phase 1 Terminé--------------------------------
05/11/2013 19:31:03 | 

13/11/2013 16:20:39 | Debut Mise en ligne complete (Site):
13/11/2013 16:20:40 | Listing terminé :
13/11/2013 16:20:40 | 

13/11/2013 16:20:40 | * Files/Fonts-- -- --Folder create
13/11/2013 16:20:40 | * WEFiles-- -- --Folder create
13/11/2013 16:20:40 | * WEFiles/Xml-- -- --Folder create
13/11/2013 16:20:40 | * WEFiles/Server-- -- --Folder create
13/11/2013 16:20:40 | * WEFiles/Server/language-- -- --Folder create
13/11/2013 16:20:40 | * WEFiles/Server/DB-- -- --Folder create
13/11/2013 16:20:40 | * WEFiles/Server/DB/DBTools-- -- --Folder create
13/11/2013 16:20:40 | * WEFiles/Server/DB/dbadmin-- -- --Folder create
13/11/2013 16:20:40 | * WEFiles/Server/class-- -- --Folder create
13/11/2013 16:20:40 | * WEFiles/Image-- -- --Folder create
13/11/2013 16:20:40 | * WEFiles/Image/Skin-- -- --Folder create
13/11/2013 16:20:40 | * WEFiles/Font-- -- --Folder create
13/11/2013 16:20:40 | * WEFiles/Css-- -- --Folder create
13/11/2013 16:20:40 | * WEFiles/Client-- -- --Folder create
13/11/2013 16:20:40 | * WEFiles/Client/jQuery-- -- --Folder create
13/11/2013 16:20:40 | * WEFiles/Client/jQuery/Plugins-- -- --Folder create
13/11/2013 16:20:40 | * WEFiles/Client/Common-- -- --Folder create
13/11/2013 16:20:40 | * Templates-- -- --Folder create
13/11/2013 16:20:40 | * Files-- -- --Folder create
13/11/2013 16:20:40 | * Files/Video-- -- --Folder create
13/11/2013 16:20:40 | * Files/Other-- -- --Folder create
13/11/2013 16:20:40 | * Files/Media-- -- --Folder create
13/11/2013 16:20:40 | * Files/Image-- -- --Folder create
13/11/2013 16:20:40 | * Files/Fonts-- -- --Folder create
13/11/2013 16:20:40 | * Files/Flash-- -- --Folder create
13/11/2013 16:20:40 | * Files/Audio-- -- --Folder create
13/11/2013 16:20:40 | * Data-- -- --Folder create
13/11/2013 16:20:40 | * Backup-- -- --Folder create
13/11/2013 16:20:40 | * Common-- -- --Folder create
13/11/2013 16:20:40 | * WEFiles/Image/WEImage-- -- --Folder create
13/11/2013 16:20:40 | * Files\Other-- -- --Folder create
13/11/2013 16:20:40 | * Files\Fonts-- -- --Folder create
13/11/2013 16:20:40 | * Backup/.htaccess-- -- --33
13/11/2013 16:20:40 | * Data/.htaccess-- -- --13
13/11/2013 16:20:40 | * WEFiles/Client/Common/oe.min.js-- -- --15817
13/11/2013 16:20:40 | * WEFiles/Client/jQuery/Plugins/jquery.easing.1.3.js-- -- --8097
13/11/2013 16:20:40 | * WEFiles/Client/jQuery/Plugins/jquery.form.js-- -- --26755
13/11/2013 16:20:40 | * WEFiles/Client/jQuery/Plugins/jquery.simplemodal.js-- -- --22338
13/11/2013 16:20:40 | * WEFiles/Client/jQuery/Plugins/jquery.ui.accordion.js-- -- --16269
13/11/2013 16:20:40 | * WEFiles/Client/jQuery/Plugins/jquery.ui.core.js-- -- --14026
13/11/2013 16:20:40 | * WEFiles/Client/jQuery/Plugins/jquery.ui.mouse.js-- -- --2876
13/11/2013 16:20:40 | * WEFiles/Client/jQuery/Plugins/jquery.ui.slider.js-- -- --9940
13/11/2013 16:20:40 | * WEFiles/Client/jQuery/Plugins/jquery.ui.widget.js-- -- --3234
13/11/2013 16:20:40 | * WEFiles/Client/jQuery/1.10.2.js-- -- --93107
13/11/2013 16:20:40 | * WEFiles/Client/jQuery/1.7.1.js-- -- --93873
13/11/2013 16:20:40 | * WEFiles/Client/Json.js-- -- --2766
13/11/2013 16:20:40 | * WEFiles/Client/OEDB.js-- -- --1856
13/11/2013 16:20:40 | * WEFiles/Client/OEDBClasses.js-- -- --2280
13/11/2013 16:20:40 | * WEFiles/Client/openElement.js-- -- --9477
13/11/2013 16:20:40 | * WEFiles/Client/openElementUI.js-- -- --3436
13/11/2013 16:20:40 | * WEFiles/Client/VarText.js-- -- --3356
13/11/2013 16:20:40 | * WEFiles/Client/VarText_fr.js-- -- --1740
13/11/2013 16:20:40 | * WEFiles/Client/xxOEDB.js-- -- --1906
13/11/2013 16:20:40 | * WEFiles/Client/xxOEDBClasses.js-- -- --2280
13/11/2013 16:20:40 | * WEFiles/Css/ie7.css-- -- --835
13/11/2013 16:20:40 | * WEFiles/Css/openElement.css-- -- --5903
13/11/2013 16:20:40 | * WEFiles/Image/Code.png-- -- --831
13/11/2013 16:20:40 | * WEFiles/Image/delete.png-- -- --1465
13/11/2013 16:20:40 | * WEFiles/Image/empty.png-- -- --184
13/11/2013 16:20:40 | * WEFiles/Image/information2.png-- -- --3246
13/11/2013 16:20:40 | * WEFiles/Image/loading.gif-- -- --1924
13/11/2013 16:20:40 | * WEFiles/Image/mask.png-- -- --213
13/11/2013 16:20:40 | * WEFiles/Image/ModalBackgound.png-- -- --27145
13/11/2013 16:20:40 | * WEFiles/Image/ModalPopupBlock.png-- -- --268
13/11/2013 16:20:40 | * WEFiles/Image/ServerError.png-- -- --2602
13/11/2013 16:20:40 | * WEFiles/Image/WEW3C.png-- -- --1882
13/11/2013 16:20:40 | * WEFiles/Server/class/class-phpmailer.php-- -- --64846
13/11/2013 16:20:40 | * WEFiles/Server/class/class-smtp.php-- -- --32442
13/11/2013 16:20:40 | * WEFiles/Server/class/JSON.php-- -- --34073
13/11/2013 16:20:40 | * WEFiles/Server/DB/dbadmin/phpliteadmin.config.php-- -- --2809
13/11/2013 16:20:40 | * WEFiles/Server/DB/dbadmin/phpliteadmin.php-- -- --211157
13/11/2013 16:20:40 | * WEFiles/Server/DB/DBTools/OEDataContainers.php-- -- --57969
13/11/2013 16:20:40 | * WEFiles/Server/DB/DBTools/OEDBRequest.php-- -- --36412
13/11/2013 16:20:40 | * WEFiles/Server/DB/DBTools/OEDynUtils.php-- -- --15750
13/11/2013 16:20:40 | * WEFiles/Server/DB/.htaccess-- -- --13
13/11/2013 16:20:40 | * WEFiles/Server/DB/OEDB.php-- -- --28741
13/11/2013 16:20:40 | * WEFiles/Server/DB/OEDBClasses.php-- -- --83602
13/11/2013 16:20:40 | * WEFiles/Server/DB/sqllogin.php-- -- --1479
13/11/2013 16:20:40 | * WEFiles/Server/language/phpmailer.lang-en.php-- -- --1188
13/11/2013 16:20:40 | * WEFiles/Server/language/phpmailer.lang-fr.php-- -- --1297
13/11/2013 16:20:40 | * WEFiles/Server/openElement.php-- -- --16844
13/11/2013 16:20:40 | * WEFiles/Server/VarText.php-- -- --4306
13/11/2013 16:20:40 | * .htaccess-- -- --0
13/11/2013 16:20:40 | * index(var).js-- -- --751
13/11/2013 16:20:40 | * index(var).php-- -- --1528
13/11/2013 16:20:40 | * index.css-- -- --10265
13/11/2013 16:20:40 | * WEFiles/Image/Skin/3814f248.jpg-- -- --223221
13/11/2013 16:20:40 | * WEFiles/Image/WEImage/e31dad83DEFAULT.png-- -- --268
13/11/2013 16:20:40 | * WEFiles/Image/Skin/1abb2eab.jpg-- -- --233753
13/11/2013 16:20:40 | * WEFiles/Image/Skin/2a3f2740.png-- -- --930
13/11/2013 16:20:40 | * WEFiles/Image/Skin/4d302d5a.png-- -- --1164
13/11/2013 16:20:40 | * WEFiles/Image/Skin/1ea4693c.png-- -- --1325
13/11/2013 16:20:40 | * WEFiles/Image/Skin/89ed3aad.png-- -- --1040
13/11/2013 16:20:40 | * WEFiles/Image/Skin/0a04ec30.jpg-- -- --253506
13/11/2013 16:20:40 | * WEFiles/Image/Skin/1a2d3739.png-- -- --90
13/11/2013 16:20:40 | * WEFiles/Image/Skin/5e7a93a0.png-- -- --2093
13/11/2013 16:20:40 | * WEFiles/Image/Skin/27ffe030.png-- -- --1652
13/11/2013 16:20:40 | * WEFiles/Image/Skin/d20caab5.png-- -- --1564
13/11/2013 16:20:40 | * WEFiles/Image/Skin/a2d6e7ec.png-- -- --1978
13/11/2013 16:20:40 | * WEFiles/Image/Skin/a4748c8c.png-- -- --90
13/11/2013 16:20:40 | * WEFiles/Image/Skin/26c70838.png-- -- --193
13/11/2013 16:20:40 | * WEFiles/Image/Skin/58294202.png-- -- --825
13/11/2013 16:20:40 | * WEFiles/Image/Skin/cbb1ae94.png-- -- --193
13/11/2013 16:20:40 | * WEFiles/Image/Skin/966687aa.png-- -- --825
13/11/2013 16:20:40 | * WEFiles/Server/WESendMail_v1-42-7.php-- -- --9850
13/11/2013 16:20:40 | * WEFiles/Client/WESendMail_v1-42-7.js-- -- --3927
13/11/2013 16:20:40 | * WEFiles/Image/Skin/e1defe9e.png-- -- --554
13/11/2013 16:20:40 | * WEFiles/Image/Skin/f72ffa6d.png-- -- --348
13/11/2013 16:20:40 | * WEFiles/Image/Skin/0db815a6.png-- -- --348
13/11/2013 16:20:40 | * WEFiles/Image/Flag_DEFAULT.png-- -- --782
13/11/2013 16:20:40 | * WEFiles/Image/Flag_FR.png-- -- --771
13/11/2013 16:20:40 | * WEFiles/Image/Skin/23baf6c8.png-- -- --520
13/11/2013 16:20:40 | * WEFiles/Image/Skin/962e1fc1.png-- -- --477
13/11/2013 16:20:40 | * WEFiles/Image/Skin/f4da6582.png-- -- --229
13/11/2013 16:20:40 | * WEFiles/Image/Skin/00bff3bd.png-- -- --223
13/11/2013 16:20:40 | * WEFiles/Image/Skin/c92e726e.png-- -- --230
13/11/2013 16:20:40 | * WEFiles/Image/Skin/1ccc25ab.png-- -- --266
13/11/2013 16:20:40 | * WEFiles/Image/Skin/dc555665.png-- -- --1363
13/11/2013 16:20:40 | * WEFiles/Image/Skin/ebc9774e.png-- -- --1600
13/11/2013 16:20:40 | * index.fr.htm-- -- --52906
13/11/2013 16:20:40 | * index.htm-- -- --52881
13/11/2013 16:20:40 | * robots.txt-- -- --56
13/11/2013 16:20:40 | * SAMPLE.css-- -- --8131
13/11/2013 16:20:40 | * WEFiles/Image/Skin/f43c7602.png-- -- --90
13/11/2013 16:20:40 | * WEFiles/Image/Skin/e0271904.jpg-- -- --223170
13/11/2013 16:20:40 | * Files/Image/icone-demo.png-- -- --16324
13/11/2013 16:20:40 | * WEFiles/Image/Skin/d948ce83.png-- -- --90
13/11/2013 16:20:40 | * WEFiles/Image/Skin/88cbd4d4.png-- -- --90
13/11/2013 16:20:40 | * WEFiles/Image/Skin/ac543dc2.png-- -- --90
13/11/2013 16:20:40 | * WEFiles/Image/Skin/deb8b244.png-- -- --90
13/11/2013 16:20:40 | * SAMPLE.fr.htm-- -- --26897
13/11/2013 16:20:40 | * SAMPLE.htm-- -- --26746
13/11/2013 16:20:40 | * sitemap.xml-- -- --1823
13/11/2013 16:20:40 | * Files/Fonts/Domestic Manners.eot-- -- --61388
13/11/2013 16:20:40 | * Files/Fonts/Domestic Manners.ttf-- -- --61128
13/11/2013 16:20:40 | * Files/Fonts/Domestic Manners.woff-- -- --34672
13/11/2013 16:20:40 | * Files/Fonts/Fonts.css-- -- --1500
13/11/2013 16:20:40 | * Files/Fonts/GeosansLight.eot-- -- --60242
13/11/2013 16:20:40 | * Files/Fonts/GeosansLight.ttf-- -- --60072
13/11/2013 16:20:40 | * Files/Fonts/GeosansLight.woff-- -- --32304
13/11/2013 16:20:40 | * Files/Fonts/Open Sans Light.eot-- -- --42150
13/11/2013 16:20:40 | * Files/Fonts/Open Sans Light.ttf-- -- --41936
13/11/2013 16:20:40 | * Files/Fonts/Open Sans Light.woff-- -- --22868
13/11/2013 16:20:40 | * Files/Fonts/Open Sans.eot-- -- --42790
13/11/2013 16:20:40 | * Files/Fonts/Open Sans.ttf-- -- --42600
13/11/2013 16:20:40 | * Files/Fonts/Open Sans.woff-- -- --23520
13/11/2013 16:20:40 | * Templates/BaseCalque.css-- -- --5503
13/11/2013 16:20:50 | 
13/11/2013 16:20:50 | 
--------------------------------Phase 1 Terminé--------------------------------
13/11/2013 16:20:50 | 

